-- The C compiler identification is GNU 13.3.0
-- The CXX compiler identification is GNU 13.3.0
-- Detecting C compiler ABI info
-- Detecting C compiler ABI info - done
-- Check for working C compiler: /usr/bin/cc - skipped
-- Detecting C compile features
-- Detecting C compile features - done
-- Detecting CXX compiler ABI info
-- Detecting CXX compiler ABI info - done
-- Check for working CXX compiler: /usr/bin/c++ - skipped
-- Detecting CXX compile features
-- Detecting CXX compile features - done
-- Found ament_cmake: 2.5.5 (/opt/ros/jazzy/share/ament_cmake/cmake)
-- Found Python3: /usr/bin/python3 (found version "3.12.3") found components: Interpreter 
-- Override CMake install command with custom implementation using symlinks instead of copying resources
-- Found rclcpp: 28.1.16 (/opt/ros/jazzy/share/rclcpp/cmake)
-- Found rosidl_generator_c: 4.6.7 (/opt/ros/jazzy/share/rosidl_generator_c/cmake)
-- Found rosidl_generator_cpp: 4.6.7 (/opt/ros/jazzy/share/rosidl_generator_cpp/cmake)
-- Using all available rosidl_typesupport_c: rosidl_typesupport_fastrtps_c;rosidl_typesupport_introspection_c
-- Using all available rosidl_typesupport_cpp: rosidl_typesupport_fastrtps_cpp;rosidl_typesupport_introspection_cpp
-- Found rmw_implementation_cmake: 7.3.3 (/opt/ros/jazzy/share/rmw_implementation_cmake/cmake)
-- Found rmw_fastrtps_cpp: 8.4.3 (/opt/ros/jazzy/share/rmw_fastrtps_cpp/cmake)
-- Found OpenSSL: /usr/lib/x86_64-linux-gnu/libcrypto.so (found version "3.0.13")  
-- Found FastRTPS: /opt/ros/jazzy/include (Required is at least version "2.13") 
-- Using RMW implementation 'rmw_fastrtps_cpp' as default
-- Found sensor_msgs: 5.3.6 (/opt/ros/jazzy/share/sensor_msgs/cmake)
-- Configuring done (2.5s)
-- Generating done (0.0s)
-- Build files have been written to: /home/marina/Escritorio/var/VAR2026/build/turtlebot_gazebo_multiple
[ 25%] Building CXX object CMakeFiles/robot_description_topic_publisher.dir/src/robot_description_topic_publisher.cpp.o
[ 50%] Building CXX object CMakeFiles/depth_camera_info_publisher.dir/src/depth_camera_info_publisher.cpp.o
[ 75%] Linking CXX executable robot_description_topic_publisher
[ 75%] Built target robot_description_topic_publisher
[100%] Linking CXX executable depth_camera_info_publisher
[100%] Built target depth_camera_info_publisher
-- Install configuration: ""
-- Execute custom install script
-- Symlinking: /home/marina/Escritorio/var/VAR2026/install/turtlebot_gazebo_multiple/share/turtlebot_gazebo_multiple/launch/create_multi_robot.launch.py
-- Symlinking: /home/marina/Escritorio/var/VAR2026/install/turtlebot_gazebo_multiple/share/turtlebot_gazebo_multiple/worlds/Actors_GrannyAnnie.world
-- Symlinking: /home/marina/Escritorio/var/VAR2026/install/turtlebot_gazebo_multiple/share/turtlebot_gazebo_multiple/models/turtlebot3_waffle_kinect/model.config
-- Symlinking: /home/marina/Escritorio/var/VAR2026/install/turtlebot_gazebo_multiple/share/turtlebot_gazebo_multiple/models/turtlebot3_waffle_kinect/model.sdf
-- Symlinking: /home/marina/Escritorio/var/VAR2026/install/turtlebot_gazebo_multiple/lib/turtlebot_gazebo_multiple/robot_description_topic_publisher
-- Symlinking: /home/marina/Escritorio/var/VAR2026/install/turtlebot_gazebo_multiple/lib/turtlebot_gazebo_multiple/depth_camera_info_publisher
-- Symlinking: /home/marina/Escritorio/var/VAR2026/install/turtlebot_gazebo_multiple/share/ament_index/resource_index/package_run_dependencies/turtlebot_gazebo_multiple
-- Symlinking: /home/marina/Escritorio/var/VAR2026/install/turtlebot_gazebo_multiple/share/ament_index/resource_index/parent_prefix_path/turtlebot_gazebo_multiple
-- Symlinking: /home/marina/Escritorio/var/VAR2026/install/turtlebot_gazebo_multiple/share/turtlebot_gazebo_multiple/environment/ament_prefix_path.sh
-- Symlinking: /home/marina/Escritorio/var/VAR2026/install/turtlebot_gazebo_multiple/share/turtlebot_gazebo_multiple/environment/ament_prefix_path.dsv
-- Symlinking: /home/marina/Escritorio/var/VAR2026/install/turtlebot_gazebo_multiple/share/turtlebot_gazebo_multiple/environment/path.sh
-- Symlinking: /home/marina/Escritorio/var/VAR2026/install/turtlebot_gazebo_multiple/share/turtlebot_gazebo_multiple/environment/path.dsv
-- Symlinking: /home/marina/Escritorio/var/VAR2026/install/turtlebot_gazebo_multiple/share/turtlebot_gazebo_multiple/local_setup.bash
-- Symlinking: /home/marina/Escritorio/var/VAR2026/install/turtlebot_gazebo_multiple/share/turtlebot_gazebo_multiple/local_setup.sh
-- Symlinking: /home/marina/Escritorio/var/VAR2026/install/turtlebot_gazebo_multiple/share/turtlebot_gazebo_multiple/local_setup.zsh
-- Symlinking: /home/marina/Escritorio/var/VAR2026/install/turtlebot_gazebo_multiple/share/turtlebot_gazebo_multiple/local_setup.dsv
-- Symlinking: /home/marina/Escritorio/var/VAR2026/install/turtlebot_gazebo_multiple/share/turtlebot_gazebo_multiple/package.dsv
-- Symlinking: /home/marina/Escritorio/var/VAR2026/install/turtlebot_gazebo_multiple/share/ament_index/resource_index/packages/turtlebot_gazebo_multiple
-- Symlinking: /home/marina/Escritorio/var/VAR2026/install/turtlebot_gazebo_multiple/share/turtlebot_gazebo_multiple/cmake/turtlebot_gazebo_multipleConfig.cmake
-- Symlinking: /home/marina/Escritorio/var/VAR2026/install/turtlebot_gazebo_multiple/share/turtlebot_gazebo_multiple/cmake/turtlebot_gazebo_multipleConfig-version.cmake
-- Symlinking: /home/marina/Escritorio/var/VAR2026/install/turtlebot_gazebo_multiple/share/turtlebot_gazebo_multiple/package.xml
