[0.086s] DEBUG:colcon:Command line arguments: ['/usr/bin/colcon', 'build', '--packages-select', 'nav_genetic', 'turtlebot_gazebo_race', '--symlink-install']
[0.086s] DEBUG:colcon:Parsed command line arguments: Namespace(log_base=None, log_level=None, verb_name='build', build_base='build', install_base='install', merge_install=False, symlink_install=True, test_result_base=None, continue_on_error=False, executor='parallel', parallel_workers=16, event_handlers=None, ignore_user_meta=False, metas=['./colcon.meta'], base_paths=['.'], packages_ignore=None, packages_ignore_regex=None, paths=None, packages_up_to=None, packages_up_to_regex=None, packages_above=None, packages_above_and_dependencies=None, packages_above_depth=None, packages_select_by_dep=None, packages_skip_by_dep=None, packages_skip_up_to=None, packages_select_build_failed=False, packages_skip_build_finished=False, packages_select_test_failures=False, packages_skip_test_passed=False, packages_select=['nav_genetic', 'turtlebot_gazebo_race'], packages_skip=None, packages_select_regex=None, packages_skip_regex=None, packages_start=None, packages_end=None, allow_overriding=[], cmake_args=None, cmake_target=None, cmake_target_skip_unavailable=False, cmake_clean_cache=False, cmake_clean_first=False, cmake_force_configure=False, ament_cmake_args=None, catkin_cmake_args=None, catkin_skip_building_tests=False, mixin_files=None, mixin=None, verb_parser=<colcon_mixin.mixin.mixin_argument.MixinArgumentDecorator object at 0x7246f1550470>, verb_extension=<colcon_core.verb.build.BuildVerb object at 0x7246f16ccc50>, main=<bound method BuildVerb.main of <colcon_core.verb.build.BuildVerb object at 0x7246f16ccc50>>, mixin_verb=('build',))
[0.117s] Level 1:colcon.colcon_core.package_discovery:discover_packages(colcon_meta) check parameters
[0.117s] Level 1:colcon.colcon_core.package_discovery:discover_packages(recursive) check parameters
[0.117s] Level 1:colcon.colcon_core.package_discovery:discover_packages(ignore) check parameters
[0.117s] Level 1:colcon.colcon_core.package_discovery:discover_packages(path) check parameters
[0.117s] Level 1:colcon.colcon_core.package_discovery:discover_packages(colcon_meta) discover
[0.117s] Level 1:colcon.colcon_core.package_discovery:discover_packages(recursive) discover
[0.117s] INFO:colcon.colcon_core.package_discovery:Crawling recursively for packages in '/home/marina/Escritorio/var/VAR2026'
[0.117s] Level 1:colcon.colcon_core.package_identification:_identify(.) by extensions ['ignore', 'ignore_ament_install']
[0.117s] Level 1:colcon.colcon_core.package_identification:_identify(.) by extension 'ignore'
[0.117s] Level 1:colcon.colcon_core.package_identification:_identify(.) by extension 'ignore_ament_install'
[0.117s] Level 1:colcon.colcon_core.package_identification:_identify(.) by extensions ['colcon_pkg']
[0.117s] Level 1:colcon.colcon_core.package_identification:_identify(.) by extension 'colcon_pkg'
[0.117s] Level 1:colcon.colcon_core.package_identification:_identify(.) by extensions ['colcon_meta']
[0.117s] Level 1:colcon.colcon_core.package_identification:_identify(.) by extension 'colcon_meta'
[0.117s] Level 1:colcon.colcon_core.package_identification:_identify(.) by extensions ['ros']
[0.117s] Level 1:colcon.colcon_core.package_identification:_identify(.) by extension 'ros'
[0.141s] Level 1:colcon.colcon_core.package_identification:_identify(.) by extensions ['cmake', 'python']
[0.141s] Level 1:colcon.colcon_core.package_identification:_identify(.) by extension 'cmake'
[0.141s] Level 1:colcon.colcon_core.package_identification:_identify(.) by extension 'python'
[0.141s] Level 1:colcon.colcon_core.package_identification:_identify(.) by extensions ['python_setup_py']
[0.141s] Level 1:colcon.colcon_core.package_identification:_identify(.) by extension 'python_setup_py'
[0.141s] Level 1:colcon.colcon_core.package_identification:_identify(build) by extensions ['ignore', 'ignore_ament_install']
[0.141s] Level 1:colcon.colcon_core.package_identification:_identify(build) by extension 'ignore'
[0.141s] Level 1:colcon.colcon_core.package_identification:_identify(build) ignored
[0.141s] Level 1:colcon.colcon_core.package_identification:_identify(install) by extensions ['ignore', 'ignore_ament_install']
[0.141s] Level 1:colcon.colcon_core.package_identification:_identify(install) by extension 'ignore'
[0.141s] Level 1:colcon.colcon_core.package_identification:_identify(install) ignored
[0.141s] Level 1:colcon.colcon_core.package_identification:_identify(log) by extensions ['ignore', 'ignore_ament_install']
[0.141s] Level 1:colcon.colcon_core.package_identification:_identify(log) by extension 'ignore'
[0.141s] Level 1:colcon.colcon_core.package_identification:_identify(log) ignored
[0.141s] Level 1:colcon.colcon_core.package_identification:_identify(ros2_ws) by extensions ['ignore', 'ignore_ament_install']
[0.142s] Level 1:colcon.colcon_core.package_identification:_identify(ros2_ws) by extension 'ignore'
[0.142s] Level 1:colcon.colcon_core.package_identification:_identify(ros2_ws) by extension 'ignore_ament_install'
[0.142s] Level 1:colcon.colcon_core.package_identification:_identify(ros2_ws) by extensions ['colcon_pkg']
[0.142s] Level 1:colcon.colcon_core.package_identification:_identify(ros2_ws) by extension 'colcon_pkg'
[0.142s] Level 1:colcon.colcon_core.package_identification:_identify(ros2_ws) by extensions ['colcon_meta']
[0.142s] Level 1:colcon.colcon_core.package_identification:_identify(ros2_ws) by extension 'colcon_meta'
[0.142s] Level 1:colcon.colcon_core.package_identification:_identify(ros2_ws) by extensions ['ros']
[0.142s] Level 1:colcon.colcon_core.package_identification:_identify(ros2_ws) by extension 'ros'
[0.142s] Level 1:colcon.colcon_core.package_identification:_identify(ros2_ws) by extensions ['cmake', 'python']
[0.142s] Level 1:colcon.colcon_core.package_identification:_identify(ros2_ws) by extension 'cmake'
[0.142s] Level 1:colcon.colcon_core.package_identification:_identify(ros2_ws) by extension 'python'
[0.142s] Level 1:colcon.colcon_core.package_identification:_identify(ros2_ws) by extensions ['python_setup_py']
[0.142s] Level 1:colcon.colcon_core.package_identification:_identify(ros2_ws) by extension 'python_setup_py'
[0.142s] Level 1:colcon.colcon_core.package_identification:_identify(ros2_ws/get_pointclouds) by extensions ['ignore', 'ignore_ament_install']
[0.142s] Level 1:colcon.colcon_core.package_identification:_identify(ros2_ws/get_pointclouds) by extension 'ignore'
[0.142s] Level 1:colcon.colcon_core.package_identification:_identify(ros2_ws/get_pointclouds) by extension 'ignore_ament_install'
[0.142s] Level 1:colcon.colcon_core.package_identification:_identify(ros2_ws/get_pointclouds) by extensions ['colcon_pkg']
[0.142s] Level 1:colcon.colcon_core.package_identification:_identify(ros2_ws/get_pointclouds) by extension 'colcon_pkg'
[0.142s] Level 1:colcon.colcon_core.package_identification:_identify(ros2_ws/get_pointclouds) by extensions ['colcon_meta']
[0.142s] Level 1:colcon.colcon_core.package_identification:_identify(ros2_ws/get_pointclouds) by extension 'colcon_meta'
[0.142s] Level 1:colcon.colcon_core.package_identification:_identify(ros2_ws/get_pointclouds) by extensions ['ros']
[0.142s] Level 1:colcon.colcon_core.package_identification:_identify(ros2_ws/get_pointclouds) by extension 'ros'
[0.144s] DEBUG:colcon.colcon_core.package_identification:Package 'ros2_ws/get_pointclouds' with type 'ros.ament_cmake' and name 'get_pointclouds'
[0.145s] Level 1:colcon.colcon_core.package_identification:_identify(ros2_ws/nav_genetic) by extensions ['ignore', 'ignore_ament_install']
[0.145s] Level 1:colcon.colcon_core.package_identification:_identify(ros2_ws/nav_genetic) by extension 'ignore'
[0.145s] Level 1:colcon.colcon_core.package_identification:_identify(ros2_ws/nav_genetic) by extension 'ignore_ament_install'
[0.145s] Level 1:colcon.colcon_core.package_identification:_identify(ros2_ws/nav_genetic) by extensions ['colcon_pkg']
[0.145s] Level 1:colcon.colcon_core.package_identification:_identify(ros2_ws/nav_genetic) by extension 'colcon_pkg'
[0.145s] Level 1:colcon.colcon_core.package_identification:_identify(ros2_ws/nav_genetic) by extensions ['colcon_meta']
[0.145s] Level 1:colcon.colcon_core.package_identification:_identify(ros2_ws/nav_genetic) by extension 'colcon_meta'
[0.145s] Level 1:colcon.colcon_core.package_identification:_identify(ros2_ws/nav_genetic) by extensions ['ros']
[0.145s] Level 1:colcon.colcon_core.package_identification:_identify(ros2_ws/nav_genetic) by extension 'ros'
[0.145s] DEBUG:colcon.colcon_core.package_identification:Package 'ros2_ws/nav_genetic' with type 'ros.ament_python' and name 'nav_genetic'
[0.145s] Level 1:colcon.colcon_core.package_identification:_identify(ros2_ws/turtlebot_gazebo_multiple) by extensions ['ignore', 'ignore_ament_install']
[0.145s] Level 1:colcon.colcon_core.package_identification:_identify(ros2_ws/turtlebot_gazebo_multiple) by extension 'ignore'
[0.145s] Level 1:colcon.colcon_core.package_identification:_identify(ros2_ws/turtlebot_gazebo_multiple) by extension 'ignore_ament_install'
[0.145s] Level 1:colcon.colcon_core.package_identification:_identify(ros2_ws/turtlebot_gazebo_multiple) by extensions ['colcon_pkg']
[0.145s] Level 1:colcon.colcon_core.package_identification:_identify(ros2_ws/turtlebot_gazebo_multiple) by extension 'colcon_pkg'
[0.145s] Level 1:colcon.colcon_core.package_identification:_identify(ros2_ws/turtlebot_gazebo_multiple) by extensions ['colcon_meta']
[0.146s] Level 1:colcon.colcon_core.package_identification:_identify(ros2_ws/turtlebot_gazebo_multiple) by extension 'colcon_meta'
[0.146s] Level 1:colcon.colcon_core.package_identification:_identify(ros2_ws/turtlebot_gazebo_multiple) by extensions ['ros']
[0.146s] Level 1:colcon.colcon_core.package_identification:_identify(ros2_ws/turtlebot_gazebo_multiple) by extension 'ros'
[0.146s] DEBUG:colcon.colcon_core.package_identification:Package 'ros2_ws/turtlebot_gazebo_multiple' with type 'ros.ament_cmake' and name 'turtlebot_gazebo_multiple'
[0.146s] Level 1:colcon.colcon_core.package_identification:_identify(ros2_ws/turtlebot_gazebo_race) by extensions ['ignore', 'ignore_ament_install']
[0.146s] Level 1:colcon.colcon_core.package_identification:_identify(ros2_ws/turtlebot_gazebo_race) by extension 'ignore'
[0.146s] Level 1:colcon.colcon_core.package_identification:_identify(ros2_ws/turtlebot_gazebo_race) by extension 'ignore_ament_install'
[0.146s] Level 1:colcon.colcon_core.package_identification:_identify(ros2_ws/turtlebot_gazebo_race) by extensions ['colcon_pkg']
[0.146s] Level 1:colcon.colcon_core.package_identification:_identify(ros2_ws/turtlebot_gazebo_race) by extension 'colcon_pkg'
[0.146s] Level 1:colcon.colcon_core.package_identification:_identify(ros2_ws/turtlebot_gazebo_race) by extensions ['colcon_meta']
[0.146s] Level 1:colcon.colcon_core.package_identification:_identify(ros2_ws/turtlebot_gazebo_race) by extension 'colcon_meta'
[0.146s] Level 1:colcon.colcon_core.package_identification:_identify(ros2_ws/turtlebot_gazebo_race) by extensions ['ros']
[0.146s] Level 1:colcon.colcon_core.package_identification:_identify(ros2_ws/turtlebot_gazebo_race) by extension 'ros'
[0.147s] DEBUG:colcon.colcon_core.package_identification:Package 'ros2_ws/turtlebot_gazebo_race' with type 'ros.ament_cmake' and name 'turtlebot_gazebo_race'
[0.147s] Level 1:colcon.colcon_core.package_identification:_identify(ros2_ws/vision_robotica) by extensions ['ignore', 'ignore_ament_install']
[0.147s] Level 1:colcon.colcon_core.package_identification:_identify(ros2_ws/vision_robotica) by extension 'ignore'
[0.147s] Level 1:colcon.colcon_core.package_identification:_identify(ros2_ws/vision_robotica) by extension 'ignore_ament_install'
[0.147s] Level 1:colcon.colcon_core.package_identification:_identify(ros2_ws/vision_robotica) by extensions ['colcon_pkg']
[0.147s] Level 1:colcon.colcon_core.package_identification:_identify(ros2_ws/vision_robotica) by extension 'colcon_pkg'
[0.147s] Level 1:colcon.colcon_core.package_identification:_identify(ros2_ws/vision_robotica) by extensions ['colcon_meta']
[0.147s] Level 1:colcon.colcon_core.package_identification:_identify(ros2_ws/vision_robotica) by extension 'colcon_meta'
[0.147s] Level 1:colcon.colcon_core.package_identification:_identify(ros2_ws/vision_robotica) by extensions ['ros']
[0.147s] Level 1:colcon.colcon_core.package_identification:_identify(ros2_ws/vision_robotica) by extension 'ros'
[0.147s] Level 1:colcon.colcon_core.package_identification:_identify(ros2_ws/vision_robotica) by extensions ['cmake', 'python']
[0.147s] Level 1:colcon.colcon_core.package_identification:_identify(ros2_ws/vision_robotica) by extension 'cmake'
[0.147s] Level 1:colcon.colcon_core.package_identification:_identify(ros2_ws/vision_robotica) by extension 'python'
[0.147s] Level 1:colcon.colcon_core.package_identification:_identify(ros2_ws/vision_robotica) by extensions ['python_setup_py']
[0.147s] Level 1:colcon.colcon_core.package_identification:_identify(ros2_ws/vision_robotica) by extension 'python_setup_py'
[0.147s] Level 1:colcon.colcon_core.package_identification:_identify(ros2_ws/vision_robotica/worlds) by extensions ['ignore', 'ignore_ament_install']
[0.147s] Level 1:colcon.colcon_core.package_identification:_identify(ros2_ws/vision_robotica/worlds) by extension 'ignore'
[0.147s] Level 1:colcon.colcon_core.package_identification:_identify(ros2_ws/vision_robotica/worlds) by extension 'ignore_ament_install'
[0.148s] Level 1:colcon.colcon_core.package_identification:_identify(ros2_ws/vision_robotica/worlds) by extensions ['colcon_pkg']
[0.148s] Level 1:colcon.colcon_core.package_identification:_identify(ros2_ws/vision_robotica/worlds) by extension 'colcon_pkg'
[0.148s] Level 1:colcon.colcon_core.package_identification:_identify(ros2_ws/vision_robotica/worlds) by extensions ['colcon_meta']
[0.148s] Level 1:colcon.colcon_core.package_identification:_identify(ros2_ws/vision_robotica/worlds) by extension 'colcon_meta'
[0.148s] Level 1:colcon.colcon_core.package_identification:_identify(ros2_ws/vision_robotica/worlds) by extensions ['ros']
[0.148s] Level 1:colcon.colcon_core.package_identification:_identify(ros2_ws/vision_robotica/worlds) by extension 'ros'
[0.148s] Level 1:colcon.colcon_core.package_identification:_identify(ros2_ws/vision_robotica/worlds) by extensions ['cmake', 'python']
[0.148s] Level 1:colcon.colcon_core.package_identification:_identify(ros2_ws/vision_robotica/worlds) by extension 'cmake'
[0.148s] Level 1:colcon.colcon_core.package_identification:_identify(ros2_ws/vision_robotica/worlds) by extension 'python'
[0.148s] Level 1:colcon.colcon_core.package_identification:_identify(ros2_ws/vision_robotica/worlds) by extensions ['python_setup_py']
[0.148s] Level 1:colcon.colcon_core.package_identification:_identify(ros2_ws/vision_robotica/worlds) by extension 'python_setup_py'
[0.148s] Level 1:colcon.colcon_core.package_discovery:discover_packages(recursive) using defaults
[0.148s] Level 1:colcon.colcon_core.package_discovery:discover_packages(ignore) discover
[0.148s] Level 1:colcon.colcon_core.package_discovery:discover_packages(ignore) using defaults
[0.148s] Level 1:colcon.colcon_core.package_discovery:discover_packages(path) discover
[0.148s] Level 1:colcon.colcon_core.package_discovery:discover_packages(path) using defaults
[0.163s] INFO:colcon.colcon_core.package_selection:Skipping not selected package 'get_pointclouds' in 'ros2_ws/get_pointclouds'
[0.164s] INFO:colcon.colcon_core.package_selection:Skipping not selected package 'turtlebot_gazebo_multiple' in 'ros2_ws/turtlebot_gazebo_multiple'
[0.164s] Level 1:colcon.colcon_core.package_discovery:discover_packages(prefix_path) check parameters
[0.164s] Level 1:colcon.colcon_core.package_discovery:discover_packages(prefix_path) discover
[0.167s] DEBUG:colcon.colcon_installed_package_information.package_discovery:Found 404 installed packages in /opt/ros/jazzy
[0.168s] Level 1:colcon.colcon_core.package_discovery:discover_packages(prefix_path) using defaults
[0.203s] Level 5:colcon.colcon_core.verb:set package 'nav_genetic' build argument 'cmake_args' from command line to 'None'
[0.203s] Level 5:colcon.colcon_core.verb:set package 'nav_genetic' build argument 'cmake_target' from command line to 'None'
[0.203s] Level 5:colcon.colcon_core.verb:set package 'nav_genetic' build argument 'cmake_target_skip_unavailable' from command line to 'False'
[0.203s] Level 5:colcon.colcon_core.verb:set package 'nav_genetic' build argument 'cmake_clean_cache' from command line to 'False'
[0.203s] Level 5:colcon.colcon_core.verb:set package 'nav_genetic' build argument 'cmake_clean_first' from command line to 'False'
[0.203s] Level 5:colcon.colcon_core.verb:set package 'nav_genetic' build argument 'cmake_force_configure' from command line to 'False'
[0.203s] Level 5:colcon.colcon_core.verb:set package 'nav_genetic' build argument 'ament_cmake_args' from command line to 'None'
[0.203s] Level 5:colcon.colcon_core.verb:set package 'nav_genetic' build argument 'catkin_cmake_args' from command line to 'None'
[0.203s] Level 5:colcon.colcon_core.verb:set package 'nav_genetic' build argument 'catkin_skip_building_tests' from command line to 'False'
[0.203s] DEBUG:colcon.colcon_core.verb:Building package 'nav_genetic' with the following arguments: {'ament_cmake_args': None, 'build_base': '/home/marina/Escritorio/var/VAR2026/build/nav_genetic', 'catkin_cmake_args': None, 'catkin_skip_building_tests': False, 'cmake_args': None, 'cmake_clean_cache': False, 'cmake_clean_first': False, 'cmake_force_configure': False, 'cmake_target': None, 'cmake_target_skip_unavailable': False, 'install_base': '/home/marina/Escritorio/var/VAR2026/install/nav_genetic', 'merge_install': False, 'path': '/home/marina/Escritorio/var/VAR2026/ros2_ws/nav_genetic', 'symlink_install': True, 'test_result_base': None}
[0.203s] Level 5:colcon.colcon_core.verb:set package 'turtlebot_gazebo_race' build argument 'cmake_args' from command line to 'None'
[0.203s] Level 5:colcon.colcon_core.verb:set package 'turtlebot_gazebo_race' build argument 'cmake_target' from command line to 'None'
[0.203s] Level 5:colcon.colcon_core.verb:set package 'turtlebot_gazebo_race' build argument 'cmake_target_skip_unavailable' from command line to 'False'
[0.203s] Level 5:colcon.colcon_core.verb:set package 'turtlebot_gazebo_race' build argument 'cmake_clean_cache' from command line to 'False'
[0.203s] Level 5:colcon.colcon_core.verb:set package 'turtlebot_gazebo_race' build argument 'cmake_clean_first' from command line to 'False'
[0.203s] Level 5:colcon.colcon_core.verb:set package 'turtlebot_gazebo_race' build argument 'cmake_force_configure' from command line to 'False'
[0.203s] Level 5:colcon.colcon_core.verb:set package 'turtlebot_gazebo_race' build argument 'ament_cmake_args' from command line to 'None'
[0.203s] Level 5:colcon.colcon_core.verb:set package 'turtlebot_gazebo_race' build argument 'catkin_cmake_args' from command line to 'None'
[0.203s] Level 5:colcon.colcon_core.verb:set package 'turtlebot_gazebo_race' build argument 'catkin_skip_building_tests' from command line to 'False'
[0.203s] DEBUG:colcon.colcon_core.verb:Building package 'turtlebot_gazebo_race' with the following arguments: {'ament_cmake_args': None, 'build_base': '/home/marina/Escritorio/var/VAR2026/build/turtlebot_gazebo_race', 'catkin_cmake_args': None, 'catkin_skip_building_tests': False, 'cmake_args': None, 'cmake_clean_cache': False, 'cmake_clean_first': False, 'cmake_force_configure': False, 'cmake_target': None, 'cmake_target_skip_unavailable': False, 'install_base': '/home/marina/Escritorio/var/VAR2026/install/turtlebot_gazebo_race', 'merge_install': False, 'path': '/home/marina/Escritorio/var/VAR2026/ros2_ws/turtlebot_gazebo_race', 'symlink_install': True, 'test_result_base': None}
[0.204s] INFO:colcon.colcon_core.executor:Executing jobs using 'parallel' executor
[0.204s] DEBUG:colcon.colcon_parallel_executor.executor.parallel:run_until_complete
[0.205s] INFO:colcon.colcon_ros.task.ament_python.build:Building ROS package in '/home/marina/Escritorio/var/VAR2026/ros2_ws/nav_genetic' with build type 'ament_python'
[0.205s] Level 1:colcon.colcon_core.shell:create_environment_hook('nav_genetic', 'ament_prefix_path')
[0.206s] INFO:colcon.colcon_core.plugin_system:Skipping extension 'colcon_core.shell.bat': Not used on non-Windows systems
[0.207s] INFO:colcon.colcon_core.shell:Creating environment hook '/home/marina/Escritorio/var/VAR2026/install/nav_genetic/share/nav_genetic/hook/ament_prefix_path.ps1'
[0.207s] INFO:colcon.colcon_core.shell:Creating environment descriptor '/home/marina/Escritorio/var/VAR2026/install/nav_genetic/share/nav_genetic/hook/ament_prefix_path.dsv'
[0.208s] INFO:colcon.colcon_core.shell:Creating environment hook '/home/marina/Escritorio/var/VAR2026/install/nav_genetic/share/nav_genetic/hook/ament_prefix_path.sh'
[0.208s] INFO:colcon.colcon_core.shell:Skip shell extension 'powershell' for command environment: Not usable outside of PowerShell
[0.208s] DEBUG:colcon.colcon_core.shell:Skip shell extension 'dsv' for command environment
[0.211s] INFO:colcon.colcon_ros.task.ament_cmake.build:Building ROS package in '/home/marina/Escritorio/var/VAR2026/ros2_ws/turtlebot_gazebo_race' with build type 'ament_cmake'
[0.211s] INFO:colcon.colcon_cmake.task.cmake.build:Building CMake package in '/home/marina/Escritorio/var/VAR2026/ros2_ws/turtlebot_gazebo_race'
[0.211s] INFO:colcon.colcon_core.shell:Skip shell extension 'powershell' for command environment: Not usable outside of PowerShell
[0.211s] DEBUG:colcon.colcon_core.shell:Skip shell extension 'dsv' for command environment
[0.395s] INFO:colcon.colcon_core.task.python.build:Building Python package in '/home/marina/Escritorio/var/VAR2026/ros2_ws/nav_genetic'
[0.396s] INFO:colcon.colcon_core.shell:Skip shell extension 'powershell' for command environment: Not usable outside of PowerShell
[0.396s] DEBUG:colcon.colcon_core.shell:Skip shell extension 'dsv' for command environment
[0.402s] DEBUG:colcon.colcon_core.event_handler.log_command:Invoking command in '/home/marina/Escritorio/var/VAR2026/build/turtlebot_gazebo_race': CMAKE_PREFIX_PATH=${CMAKE_PREFIX_PATH}:/opt/ros/jazzy DEBUGINFOD_URLS=https://debuginfod.ubuntu.com /usr/bin/cmake --build /home/marina/Escritorio/var/VAR2026/build/turtlebot_gazebo_race -- -j16 -l16
[0.473s] DEBUG:colcon.colcon_core.event_handler.log_command:Invoked command in '/home/marina/Escritorio/var/VAR2026/build/turtlebot_gazebo_race' returned '0': CMAKE_PREFIX_PATH=${CMAKE_PREFIX_PATH}:/opt/ros/jazzy DEBUGINFOD_URLS=https://debuginfod.ubuntu.com /usr/bin/cmake --build /home/marina/Escritorio/var/VAR2026/build/turtlebot_gazebo_race -- -j16 -l16
[0.483s] DEBUG:colcon.colcon_core.event_handler.log_command:Invoking command in '/home/marina/Escritorio/var/VAR2026/build/turtlebot_gazebo_race': CMAKE_PREFIX_PATH=${CMAKE_PREFIX_PATH}:/opt/ros/jazzy DEBUGINFOD_URLS=https://debuginfod.ubuntu.com /usr/bin/cmake --install /home/marina/Escritorio/var/VAR2026/build/turtlebot_gazebo_race
[0.503s] Level 1:colcon.colcon_core.environment:create_environment_scripts_only(turtlebot_gazebo_race)
[0.504s] DEBUG:colcon.colcon_core.event_handler.log_command:Invoked command in '/home/marina/Escritorio/var/VAR2026/build/turtlebot_gazebo_race' returned '0': CMAKE_PREFIX_PATH=${CMAKE_PREFIX_PATH}:/opt/ros/jazzy DEBUGINFOD_URLS=https://debuginfod.ubuntu.com /usr/bin/cmake --install /home/marina/Escritorio/var/VAR2026/build/turtlebot_gazebo_race
[0.505s] Level 1:colcon.colcon_core.environment:checking '/home/marina/Escritorio/var/VAR2026/install/turtlebot_gazebo_race' for CMake module files
[0.506s] Level 1:colcon.colcon_core.environment:checking '/home/marina/Escritorio/var/VAR2026/install/turtlebot_gazebo_race' for CMake config files
[0.506s] Level 1:colcon.colcon_core.shell:create_environment_hook('turtlebot_gazebo_race', 'cmake_prefix_path')
[0.506s] INFO:colcon.colcon_core.shell:Creating environment hook '/home/marina/Escritorio/var/VAR2026/install/turtlebot_gazebo_race/share/turtlebot_gazebo_race/hook/cmake_prefix_path.ps1'
[0.507s] INFO:colcon.colcon_core.shell:Creating environment descriptor '/home/marina/Escritorio/var/VAR2026/install/turtlebot_gazebo_race/share/turtlebot_gazebo_race/hook/cmake_prefix_path.dsv'
[0.507s] INFO:colcon.colcon_core.shell:Creating environment hook '/home/marina/Escritorio/var/VAR2026/install/turtlebot_gazebo_race/share/turtlebot_gazebo_race/hook/cmake_prefix_path.sh'
[0.508s] Level 1:colcon.colcon_core.environment:checking '/home/marina/Escritorio/var/VAR2026/install/turtlebot_gazebo_race/lib'
[0.508s] Level 1:colcon.colcon_core.environment:checking '/home/marina/Escritorio/var/VAR2026/install/turtlebot_gazebo_race/bin'
[0.508s] Level 1:colcon.colcon_core.environment:checking '/home/marina/Escritorio/var/VAR2026/install/turtlebot_gazebo_race/lib/pkgconfig/turtlebot_gazebo_race.pc'
[0.508s] Level 1:colcon.colcon_core.environment:checking '/home/marina/Escritorio/var/VAR2026/install/turtlebot_gazebo_race/lib/python3.12/site-packages'
[0.508s] Level 1:colcon.colcon_core.environment:checking '/home/marina/Escritorio/var/VAR2026/install/turtlebot_gazebo_race/bin'
[0.508s] INFO:colcon.colcon_core.shell:Creating package script '/home/marina/Escritorio/var/VAR2026/install/turtlebot_gazebo_race/share/turtlebot_gazebo_race/package.ps1'
[0.509s] INFO:colcon.colcon_core.shell:Creating package descriptor '/home/marina/Escritorio/var/VAR2026/install/turtlebot_gazebo_race/share/turtlebot_gazebo_race/package.dsv'
[0.509s] INFO:colcon.colcon_core.shell:Creating package script '/home/marina/Escritorio/var/VAR2026/install/turtlebot_gazebo_race/share/turtlebot_gazebo_race/package.sh'
[0.510s] INFO:colcon.colcon_core.shell:Creating package script '/home/marina/Escritorio/var/VAR2026/install/turtlebot_gazebo_race/share/turtlebot_gazebo_race/package.bash'
[0.510s] INFO:colcon.colcon_core.shell:Creating package script '/home/marina/Escritorio/var/VAR2026/install/turtlebot_gazebo_race/share/turtlebot_gazebo_race/package.zsh'
[0.511s] Level 1:colcon.colcon_core.environment:create_file_with_runtime_dependencies(/home/marina/Escritorio/var/VAR2026/install/turtlebot_gazebo_race/share/colcon-core/packages/turtlebot_gazebo_race)
[0.512s] Level 1:colcon.colcon_core.environment:create_environment_scripts_only(turtlebot_gazebo_race)
[0.512s] Level 1:colcon.colcon_core.environment:checking '/home/marina/Escritorio/var/VAR2026/install/turtlebot_gazebo_race' for CMake module files
[0.513s] Level 1:colcon.colcon_core.environment:checking '/home/marina/Escritorio/var/VAR2026/install/turtlebot_gazebo_race' for CMake config files
[0.513s] Level 1:colcon.colcon_core.shell:create_environment_hook('turtlebot_gazebo_race', 'cmake_prefix_path')
[0.513s] INFO:colcon.colcon_core.shell:Creating environment hook '/home/marina/Escritorio/var/VAR2026/install/turtlebot_gazebo_race/share/turtlebot_gazebo_race/hook/cmake_prefix_path.ps1'
[0.514s] INFO:colcon.colcon_core.shell:Creating environment descriptor '/home/marina/Escritorio/var/VAR2026/install/turtlebot_gazebo_race/share/turtlebot_gazebo_race/hook/cmake_prefix_path.dsv'
[0.514s] INFO:colcon.colcon_core.shell:Creating environment hook '/home/marina/Escritorio/var/VAR2026/install/turtlebot_gazebo_race/share/turtlebot_gazebo_race/hook/cmake_prefix_path.sh'
[0.515s] Level 1:colcon.colcon_core.environment:checking '/home/marina/Escritorio/var/VAR2026/install/turtlebot_gazebo_race/lib'
[0.515s] Level 1:colcon.colcon_core.environment:checking '/home/marina/Escritorio/var/VAR2026/install/turtlebot_gazebo_race/bin'
[0.515s] Level 1:colcon.colcon_core.environment:checking '/home/marina/Escritorio/var/VAR2026/install/turtlebot_gazebo_race/lib/pkgconfig/turtlebot_gazebo_race.pc'
[0.516s] Level 1:colcon.colcon_core.environment:checking '/home/marina/Escritorio/var/VAR2026/install/turtlebot_gazebo_race/lib/python3.12/site-packages'
[0.516s] Level 1:colcon.colcon_core.environment:checking '/home/marina/Escritorio/var/VAR2026/install/turtlebot_gazebo_race/bin'
[0.516s] INFO:colcon.colcon_core.shell:Creating package script '/home/marina/Escritorio/var/VAR2026/install/turtlebot_gazebo_race/share/turtlebot_gazebo_race/package.ps1'
[0.517s] INFO:colcon.colcon_core.shell:Creating package descriptor '/home/marina/Escritorio/var/VAR2026/install/turtlebot_gazebo_race/share/turtlebot_gazebo_race/package.dsv'
[0.518s] INFO:colcon.colcon_core.shell:Creating package script '/home/marina/Escritorio/var/VAR2026/install/turtlebot_gazebo_race/share/turtlebot_gazebo_race/package.sh'
[0.518s] INFO:colcon.colcon_core.shell:Creating package script '/home/marina/Escritorio/var/VAR2026/install/turtlebot_gazebo_race/share/turtlebot_gazebo_race/package.bash'
[0.519s] INFO:colcon.colcon_core.shell:Creating package script '/home/marina/Escritorio/var/VAR2026/install/turtlebot_gazebo_race/share/turtlebot_gazebo_race/package.zsh'
[0.519s] Level 1:colcon.colcon_core.environment:create_file_with_runtime_dependencies(/home/marina/Escritorio/var/VAR2026/install/turtlebot_gazebo_race/share/colcon-core/packages/turtlebot_gazebo_race)
[0.867s] DEBUG:colcon.colcon_core.event_handler.log_command:Invoking command in '/home/marina/Escritorio/var/VAR2026/build/nav_genetic': DEBUGINFOD_URLS=https://debuginfod.ubuntu.com PYTHONPATH=/home/marina/Escritorio/var/VAR2026/build/nav_genetic/prefix_override:/usr/lib/python3/dist-packages/colcon_core/task/python/colcon_distutils_commands:/home/marina/Escritorio/var/VAR2026/install/nav_genetic/lib/python3.12/site-packages:${PYTHONPATH} /usr/bin/python3 -W ignore:setup.py install is deprecated -W ignore:easy_install command is deprecated setup.py develop --editable --build-directory /home/marina/Escritorio/var/VAR2026/build/nav_genetic/build --no-deps symlink_data
[1.360s] Level 1:colcon.colcon_core.shell:create_environment_hook('nav_genetic', 'pythonpath_develop')
[1.361s] INFO:colcon.colcon_core.shell:Creating environment hook '/home/marina/Escritorio/var/VAR2026/build/nav_genetic/share/nav_genetic/hook/pythonpath_develop.ps1'
[1.361s] DEBUG:colcon.colcon_core.event_handler.log_command:Invoked command in '/home/marina/Escritorio/var/VAR2026/build/nav_genetic' returned '0': DEBUGINFOD_URLS=https://debuginfod.ubuntu.com PYTHONPATH=/home/marina/Escritorio/var/VAR2026/build/nav_genetic/prefix_override:/usr/lib/python3/dist-packages/colcon_core/task/python/colcon_distutils_commands:/home/marina/Escritorio/var/VAR2026/install/nav_genetic/lib/python3.12/site-packages:${PYTHONPATH} /usr/bin/python3 -W ignore:setup.py install is deprecated -W ignore:easy_install command is deprecated setup.py develop --editable --build-directory /home/marina/Escritorio/var/VAR2026/build/nav_genetic/build --no-deps symlink_data
[1.362s] INFO:colcon.colcon_core.shell:Creating environment descriptor '/home/marina/Escritorio/var/VAR2026/build/nav_genetic/share/nav_genetic/hook/pythonpath_develop.dsv'
[1.362s] INFO:colcon.colcon_core.shell:Creating environment hook '/home/marina/Escritorio/var/VAR2026/build/nav_genetic/share/nav_genetic/hook/pythonpath_develop.sh'
[1.362s] Level 1:colcon.colcon_core.environment:checking '/home/marina/Escritorio/var/VAR2026/install/nav_genetic' for CMake module files
[1.363s] Level 1:colcon.colcon_core.environment:checking '/home/marina/Escritorio/var/VAR2026/install/nav_genetic' for CMake config files
[1.363s] Level 1:colcon.colcon_core.environment:checking '/home/marina/Escritorio/var/VAR2026/install/nav_genetic/lib'
[1.363s] Level 1:colcon.colcon_core.environment:checking '/home/marina/Escritorio/var/VAR2026/install/nav_genetic/bin'
[1.363s] Level 1:colcon.colcon_core.environment:checking '/home/marina/Escritorio/var/VAR2026/install/nav_genetic/lib/pkgconfig/nav_genetic.pc'
[1.363s] Level 1:colcon.colcon_core.environment:checking '/home/marina/Escritorio/var/VAR2026/install/nav_genetic/lib/python3.12/site-packages'
[1.364s] Level 1:colcon.colcon_core.shell:create_environment_hook('nav_genetic', 'pythonpath')
[1.364s] INFO:colcon.colcon_core.shell:Creating environment hook '/home/marina/Escritorio/var/VAR2026/install/nav_genetic/share/nav_genetic/hook/pythonpath.ps1'
[1.364s] INFO:colcon.colcon_core.shell:Creating environment descriptor '/home/marina/Escritorio/var/VAR2026/install/nav_genetic/share/nav_genetic/hook/pythonpath.dsv'
[1.365s] INFO:colcon.colcon_core.shell:Creating environment hook '/home/marina/Escritorio/var/VAR2026/install/nav_genetic/share/nav_genetic/hook/pythonpath.sh'
[1.365s] Level 1:colcon.colcon_core.environment:checking '/home/marina/Escritorio/var/VAR2026/install/nav_genetic/bin'
[1.365s] Level 1:colcon.colcon_core.environment:create_environment_scripts_only(nav_genetic)
[1.365s] INFO:colcon.colcon_core.shell:Creating package script '/home/marina/Escritorio/var/VAR2026/install/nav_genetic/share/nav_genetic/package.ps1'
[1.366s] INFO:colcon.colcon_core.shell:Creating package descriptor '/home/marina/Escritorio/var/VAR2026/install/nav_genetic/share/nav_genetic/package.dsv'
[1.366s] INFO:colcon.colcon_core.shell:Creating package script '/home/marina/Escritorio/var/VAR2026/install/nav_genetic/share/nav_genetic/package.sh'
[1.366s] INFO:colcon.colcon_core.shell:Creating package script '/home/marina/Escritorio/var/VAR2026/install/nav_genetic/share/nav_genetic/package.bash'
[1.367s] INFO:colcon.colcon_core.shell:Creating package script '/home/marina/Escritorio/var/VAR2026/install/nav_genetic/share/nav_genetic/package.zsh'
[1.367s] Level 1:colcon.colcon_core.environment:create_file_with_runtime_dependencies(/home/marina/Escritorio/var/VAR2026/install/nav_genetic/share/colcon-core/packages/nav_genetic)
[1.367s] DEBUG:colcon.colcon_parallel_executor.executor.parallel:closing loop
[1.367s] DEBUG:colcon.colcon_parallel_executor.executor.parallel:loop closed
[1.367s] DEBUG:colcon.colcon_parallel_executor.executor.parallel:run_until_complete finished with '0'
[1.367s] DEBUG:colcon.colcon_core.event_reactor:joining thread
[1.373s] INFO:colcon.colcon_core.plugin_system:Skipping extension 'colcon_notification.desktop_notification.terminal_notifier': Not used on non-Darwin systems
[1.373s] INFO:colcon.colcon_core.plugin_system:Skipping extension 'colcon_notification.desktop_notification.win32': Not used on non-Windows systems
[1.373s] INFO:colcon.colcon_notification.desktop_notification:Sending desktop notification using 'notify2'
[1.373s] DEBUG:colcon.colcon_notification.desktop_notification.notify2:Failed to initialize notify2: org.freedesktop.DBus.Error.AccessDenied: Failed to connect to socket /run/user/1000/bus: Operation not permitted
[1.373s] DEBUG:colcon.colcon_core.event_reactor:joined thread
[1.373s] INFO:colcon.colcon_core.shell:Creating prefix script '/home/marina/Escritorio/var/VAR2026/install/local_setup.ps1'
[1.374s] INFO:colcon.colcon_core.shell:Creating prefix util module '/home/marina/Escritorio/var/VAR2026/install/_local_setup_util_ps1.py'
[1.375s] INFO:colcon.colcon_core.shell:Creating prefix chain script '/home/marina/Escritorio/var/VAR2026/install/setup.ps1'
[1.375s] INFO:colcon.colcon_core.shell:Creating prefix script '/home/marina/Escritorio/var/VAR2026/install/local_setup.sh'
[1.376s] INFO:colcon.colcon_core.shell:Creating prefix util module '/home/marina/Escritorio/var/VAR2026/install/_local_setup_util_sh.py'
[1.376s] INFO:colcon.colcon_core.shell:Creating prefix chain script '/home/marina/Escritorio/var/VAR2026/install/setup.sh'
[1.377s] INFO:colcon.colcon_core.shell:Creating prefix script '/home/marina/Escritorio/var/VAR2026/install/local_setup.bash'
[1.377s] INFO:colcon.colcon_core.shell:Creating prefix chain script '/home/marina/Escritorio/var/VAR2026/install/setup.bash'
[1.378s] INFO:colcon.colcon_core.shell:Creating prefix script '/home/marina/Escritorio/var/VAR2026/install/local_setup.zsh'
[1.378s] INFO:colcon.colcon_core.shell:Creating prefix chain script '/home/marina/Escritorio/var/VAR2026/install/setup.zsh'
