[0.180s] DEBUG:colcon:Command line arguments: ['/usr/bin/colcon', 'build', '--packages-select', 'turtlebot_gazebo_race', 'nav_genetic', '--symlink-install']
[0.180s] DEBUG:colcon:Parsed command line arguments: Namespace(log_base=None, log_level=None, verb_name='build', build_base='build', install_base='install', merge_install=False, symlink_install=True, test_result_base=None, continue_on_error=False, executor='parallel', parallel_workers=16, event_handlers=None, ignore_user_meta=False, metas=['./colcon.meta'], base_paths=['.'], packages_ignore=None, packages_ignore_regex=None, paths=None, packages_up_to=None, packages_up_to_regex=None, packages_above=None, packages_above_and_dependencies=None, packages_above_depth=None, packages_select_by_dep=None, packages_skip_by_dep=None, packages_skip_up_to=None, packages_select_build_failed=False, packages_skip_build_finished=False, packages_select_test_failures=False, packages_skip_test_passed=False, packages_select=['turtlebot_gazebo_race', 'nav_genetic'], packages_skip=None, packages_select_regex=None, packages_skip_regex=None, packages_start=None, packages_end=None, allow_overriding=[], cmake_args=None, cmake_target=None, cmake_target_skip_unavailable=False, cmake_clean_cache=False, cmake_clean_first=False, cmake_force_configure=False, ament_cmake_args=None, catkin_cmake_args=None, catkin_skip_building_tests=False, mixin_files=None, mixin=None, verb_parser=<colcon_mixin.mixin.mixin_argument.MixinArgumentDecorator object at 0x7b7027a59760>, verb_extension=<colcon_core.verb.build.BuildVerb object at 0x7b7027ae4ce0>, main=<bound method BuildVerb.main of <colcon_core.verb.build.BuildVerb object at 0x7b7027ae4ce0>>, mixin_verb=('build',))
[0.246s] Level 1:colcon.colcon_core.package_discovery:discover_packages(colcon_meta) check parameters
[0.246s] Level 1:colcon.colcon_core.package_discovery:discover_packages(recursive) check parameters
[0.246s] Level 1:colcon.colcon_core.package_discovery:discover_packages(ignore) check parameters
[0.246s] Level 1:colcon.colcon_core.package_discovery:discover_packages(path) check parameters
[0.246s] Level 1:colcon.colcon_core.package_discovery:discover_packages(colcon_meta) discover
[0.246s] Level 1:colcon.colcon_core.package_discovery:discover_packages(recursive) discover
[0.246s] INFO:colcon.colcon_core.package_discovery:Crawling recursively for packages in '/home/marina/Escritorio/var/VAR2026'
[0.246s] Level 1:colcon.colcon_core.package_identification:_identify(.) by extensions ['ignore', 'ignore_ament_install']
[0.247s] Level 1:colcon.colcon_core.package_identification:_identify(.) by extension 'ignore'
[0.247s] Level 1:colcon.colcon_core.package_identification:_identify(.) by extension 'ignore_ament_install'
[0.247s] Level 1:colcon.colcon_core.package_identification:_identify(.) by extensions ['colcon_pkg']
[0.247s] Level 1:colcon.colcon_core.package_identification:_identify(.) by extension 'colcon_pkg'
[0.247s] Level 1:colcon.colcon_core.package_identification:_identify(.) by extensions ['colcon_meta']
[0.247s] Level 1:colcon.colcon_core.package_identification:_identify(.) by extension 'colcon_meta'
[0.247s] Level 1:colcon.colcon_core.package_identification:_identify(.) by extensions ['ros']
[0.247s] Level 1:colcon.colcon_core.package_identification:_identify(.) by extension 'ros'
[0.288s] Level 1:colcon.colcon_core.package_identification:_identify(.) by extensions ['cmake', 'python']
[0.289s] Level 1:colcon.colcon_core.package_identification:_identify(.) by extension 'cmake'
[0.289s] Level 1:colcon.colcon_core.package_identification:_identify(.) by extension 'python'
[0.289s] Level 1:colcon.colcon_core.package_identification:_identify(.) by extensions ['python_setup_py']
[0.289s] Level 1:colcon.colcon_core.package_identification:_identify(.) by extension 'python_setup_py'
[0.289s] Level 1:colcon.colcon_core.package_identification:_identify(build) by extensions ['ignore', 'ignore_ament_install']
[0.289s] Level 1:colcon.colcon_core.package_identification:_identify(build) by extension 'ignore'
[0.289s] Level 1:colcon.colcon_core.package_identification:_identify(build) ignored
[0.289s] Level 1:colcon.colcon_core.package_identification:_identify(install) by extensions ['ignore', 'ignore_ament_install']
[0.290s] Level 1:colcon.colcon_core.package_identification:_identify(install) by extension 'ignore'
[0.290s] Level 1:colcon.colcon_core.package_identification:_identify(install) ignored
[0.290s] Level 1:colcon.colcon_core.package_identification:_identify(log) by extensions ['ignore', 'ignore_ament_install']
[0.290s] Level 1:colcon.colcon_core.package_identification:_identify(log) by extension 'ignore'
[0.290s] Level 1:colcon.colcon_core.package_identification:_identify(log) ignored
[0.290s] Level 1:colcon.colcon_core.package_identification:_identify(ros2_ws) by extensions ['ignore', 'ignore_ament_install']
[0.290s] Level 1:colcon.colcon_core.package_identification:_identify(ros2_ws) by extension 'ignore'
[0.290s] Level 1:colcon.colcon_core.package_identification:_identify(ros2_ws) by extension 'ignore_ament_install'
[0.290s] Level 1:colcon.colcon_core.package_identification:_identify(ros2_ws) by extensions ['colcon_pkg']
[0.290s] Level 1:colcon.colcon_core.package_identification:_identify(ros2_ws) by extension 'colcon_pkg'
[0.290s] Level 1:colcon.colcon_core.package_identification:_identify(ros2_ws) by extensions ['colcon_meta']
[0.291s] Level 1:colcon.colcon_core.package_identification:_identify(ros2_ws) by extension 'colcon_meta'
[0.291s] Level 1:colcon.colcon_core.package_identification:_identify(ros2_ws) by extensions ['ros']
[0.291s] Level 1:colcon.colcon_core.package_identification:_identify(ros2_ws) by extension 'ros'
[0.291s] Level 1:colcon.colcon_core.package_identification:_identify(ros2_ws) by extensions ['cmake', 'python']
[0.291s] Level 1:colcon.colcon_core.package_identification:_identify(ros2_ws) by extension 'cmake'
[0.291s] Level 1:colcon.colcon_core.package_identification:_identify(ros2_ws) by extension 'python'
[0.291s] Level 1:colcon.colcon_core.package_identification:_identify(ros2_ws) by extensions ['python_setup_py']
[0.291s] Level 1:colcon.colcon_core.package_identification:_identify(ros2_ws) by extension 'python_setup_py'
[0.291s] Level 1:colcon.colcon_core.package_identification:_identify(ros2_ws/get_pointclouds) by extensions ['ignore', 'ignore_ament_install']
[0.291s] Level 1:colcon.colcon_core.package_identification:_identify(ros2_ws/get_pointclouds) by extension 'ignore'
[0.291s] Level 1:colcon.colcon_core.package_identification:_identify(ros2_ws/get_pointclouds) by extension 'ignore_ament_install'
[0.291s] Level 1:colcon.colcon_core.package_identification:_identify(ros2_ws/get_pointclouds) by extensions ['colcon_pkg']
[0.291s] Level 1:colcon.colcon_core.package_identification:_identify(ros2_ws/get_pointclouds) by extension 'colcon_pkg'
[0.291s] Level 1:colcon.colcon_core.package_identification:_identify(ros2_ws/get_pointclouds) by extensions ['colcon_meta']
[0.291s] Level 1:colcon.colcon_core.package_identification:_identify(ros2_ws/get_pointclouds) by extension 'colcon_meta'
[0.292s] Level 1:colcon.colcon_core.package_identification:_identify(ros2_ws/get_pointclouds) by extensions ['ros']
[0.292s] Level 1:colcon.colcon_core.package_identification:_identify(ros2_ws/get_pointclouds) by extension 'ros'
[0.296s] DEBUG:colcon.colcon_core.package_identification:Package 'ros2_ws/get_pointclouds' with type 'ros.ament_cmake' and name 'get_pointclouds'
[0.297s] Level 1:colcon.colcon_core.package_identification:_identify(ros2_ws/nav_genetic) by extensions ['ignore', 'ignore_ament_install']
[0.297s] Level 1:colcon.colcon_core.package_identification:_identify(ros2_ws/nav_genetic) by extension 'ignore'
[0.297s] Level 1:colcon.colcon_core.package_identification:_identify(ros2_ws/nav_genetic) by extension 'ignore_ament_install'
[0.297s] Level 1:colcon.colcon_core.package_identification:_identify(ros2_ws/nav_genetic) by extensions ['colcon_pkg']
[0.297s] Level 1:colcon.colcon_core.package_identification:_identify(ros2_ws/nav_genetic) by extension 'colcon_pkg'
[0.297s] Level 1:colcon.colcon_core.package_identification:_identify(ros2_ws/nav_genetic) by extensions ['colcon_meta']
[0.297s] Level 1:colcon.colcon_core.package_identification:_identify(ros2_ws/nav_genetic) by extension 'colcon_meta'
[0.298s] Level 1:colcon.colcon_core.package_identification:_identify(ros2_ws/nav_genetic) by extensions ['ros']
[0.298s] Level 1:colcon.colcon_core.package_identification:_identify(ros2_ws/nav_genetic) by extension 'ros'
[0.299s] DEBUG:colcon.colcon_core.package_identification:Package 'ros2_ws/nav_genetic' with type 'ros.ament_python' and name 'nav_genetic'
[0.299s] Level 1:colcon.colcon_core.package_identification:_identify(ros2_ws/turtlebot_gazebo_multiple) by extensions ['ignore', 'ignore_ament_install']
[0.299s] Level 1:colcon.colcon_core.package_identification:_identify(ros2_ws/turtlebot_gazebo_multiple) by extension 'ignore'
[0.299s] Level 1:colcon.colcon_core.package_identification:_identify(ros2_ws/turtlebot_gazebo_multiple) by extension 'ignore_ament_install'
[0.299s] Level 1:colcon.colcon_core.package_identification:_identify(ros2_ws/turtlebot_gazebo_multiple) by extensions ['colcon_pkg']
[0.299s] Level 1:colcon.colcon_core.package_identification:_identify(ros2_ws/turtlebot_gazebo_multiple) by extension 'colcon_pkg'
[0.299s] Level 1:colcon.colcon_core.package_identification:_identify(ros2_ws/turtlebot_gazebo_multiple) by extensions ['colcon_meta']
[0.299s] Level 1:colcon.colcon_core.package_identification:_identify(ros2_ws/turtlebot_gazebo_multiple) by extension 'colcon_meta'
[0.299s] Level 1:colcon.colcon_core.package_identification:_identify(ros2_ws/turtlebot_gazebo_multiple) by extensions ['ros']
[0.299s] Level 1:colcon.colcon_core.package_identification:_identify(ros2_ws/turtlebot_gazebo_multiple) by extension 'ros'
[0.300s] DEBUG:colcon.colcon_core.package_identification:Package 'ros2_ws/turtlebot_gazebo_multiple' with type 'ros.ament_cmake' and name 'turtlebot_gazebo_multiple'
[0.301s] Level 1:colcon.colcon_core.package_identification:_identify(ros2_ws/turtlebot_gazebo_race) by extensions ['ignore', 'ignore_ament_install']
[0.301s] Level 1:colcon.colcon_core.package_identification:_identify(ros2_ws/turtlebot_gazebo_race) by extension 'ignore'
[0.301s] Level 1:colcon.colcon_core.package_identification:_identify(ros2_ws/turtlebot_gazebo_race) by extension 'ignore_ament_install'
[0.301s] Level 1:colcon.colcon_core.package_identification:_identify(ros2_ws/turtlebot_gazebo_race) by extensions ['colcon_pkg']
[0.301s] Level 1:colcon.colcon_core.package_identification:_identify(ros2_ws/turtlebot_gazebo_race) by extension 'colcon_pkg'
[0.301s] Level 1:colcon.colcon_core.package_identification:_identify(ros2_ws/turtlebot_gazebo_race) by extensions ['colcon_meta']
[0.301s] Level 1:colcon.colcon_core.package_identification:_identify(ros2_ws/turtlebot_gazebo_race) by extension 'colcon_meta'
[0.301s] Level 1:colcon.colcon_core.package_identification:_identify(ros2_ws/turtlebot_gazebo_race) by extensions ['ros']
[0.301s] Level 1:colcon.colcon_core.package_identification:_identify(ros2_ws/turtlebot_gazebo_race) by extension 'ros'
[0.302s] DEBUG:colcon.colcon_core.package_identification:Package 'ros2_ws/turtlebot_gazebo_race' with type 'ros.ament_cmake' and name 'turtlebot_gazebo_race'
[0.302s] Level 1:colcon.colcon_core.package_identification:_identify(ros2_ws/vision_robotica) by extensions ['ignore', 'ignore_ament_install']
[0.303s] Level 1:colcon.colcon_core.package_identification:_identify(ros2_ws/vision_robotica) by extension 'ignore'
[0.303s] Level 1:colcon.colcon_core.package_identification:_identify(ros2_ws/vision_robotica) by extension 'ignore_ament_install'
[0.303s] Level 1:colcon.colcon_core.package_identification:_identify(ros2_ws/vision_robotica) by extensions ['colcon_pkg']
[0.303s] Level 1:colcon.colcon_core.package_identification:_identify(ros2_ws/vision_robotica) by extension 'colcon_pkg'
[0.303s] Level 1:colcon.colcon_core.package_identification:_identify(ros2_ws/vision_robotica) by extensions ['colcon_meta']
[0.303s] Level 1:colcon.colcon_core.package_identification:_identify(ros2_ws/vision_robotica) by extension 'colcon_meta'
[0.303s] Level 1:colcon.colcon_core.package_identification:_identify(ros2_ws/vision_robotica) by extensions ['ros']
[0.303s] Level 1:colcon.colcon_core.package_identification:_identify(ros2_ws/vision_robotica) by extension 'ros'
[0.303s] Level 1:colcon.colcon_core.package_identification:_identify(ros2_ws/vision_robotica) by extensions ['cmake', 'python']
[0.303s] Level 1:colcon.colcon_core.package_identification:_identify(ros2_ws/vision_robotica) by extension 'cmake'
[0.303s] Level 1:colcon.colcon_core.package_identification:_identify(ros2_ws/vision_robotica) by extension 'python'
[0.303s] Level 1:colcon.colcon_core.package_identification:_identify(ros2_ws/vision_robotica) by extensions ['python_setup_py']
[0.303s] Level 1:colcon.colcon_core.package_identification:_identify(ros2_ws/vision_robotica) by extension 'python_setup_py'
[0.304s] Level 1:colcon.colcon_core.package_identification:_identify(ros2_ws/vision_robotica/worlds) by extensions ['ignore', 'ignore_ament_install']
[0.304s] Level 1:colcon.colcon_core.package_identification:_identify(ros2_ws/vision_robotica/worlds) by extension 'ignore'
[0.304s] Level 1:colcon.colcon_core.package_identification:_identify(ros2_ws/vision_robotica/worlds) by extension 'ignore_ament_install'
[0.304s] Level 1:colcon.colcon_core.package_identification:_identify(ros2_ws/vision_robotica/worlds) by extensions ['colcon_pkg']
[0.304s] Level 1:colcon.colcon_core.package_identification:_identify(ros2_ws/vision_robotica/worlds) by extension 'colcon_pkg'
[0.304s] Level 1:colcon.colcon_core.package_identification:_identify(ros2_ws/vision_robotica/worlds) by extensions ['colcon_meta']
[0.304s] Level 1:colcon.colcon_core.package_identification:_identify(ros2_ws/vision_robotica/worlds) by extension 'colcon_meta'
[0.304s] Level 1:colcon.colcon_core.package_identification:_identify(ros2_ws/vision_robotica/worlds) by extensions ['ros']
[0.304s] Level 1:colcon.colcon_core.package_identification:_identify(ros2_ws/vision_robotica/worlds) by extension 'ros'
[0.304s] Level 1:colcon.colcon_core.package_identification:_identify(ros2_ws/vision_robotica/worlds) by extensions ['cmake', 'python']
[0.304s] Level 1:colcon.colcon_core.package_identification:_identify(ros2_ws/vision_robotica/worlds) by extension 'cmake'
[0.304s] Level 1:colcon.colcon_core.package_identification:_identify(ros2_ws/vision_robotica/worlds) by extension 'python'
[0.304s] Level 1:colcon.colcon_core.package_identification:_identify(ros2_ws/vision_robotica/worlds) by extensions ['python_setup_py']
[0.304s] Level 1:colcon.colcon_core.package_identification:_identify(ros2_ws/vision_robotica/worlds) by extension 'python_setup_py'
[0.305s] Level 1:colcon.colcon_core.package_discovery:discover_packages(recursive) using defaults
[0.305s] Level 1:colcon.colcon_core.package_discovery:discover_packages(ignore) discover
[0.305s] Level 1:colcon.colcon_core.package_discovery:discover_packages(ignore) using defaults
[0.305s] Level 1:colcon.colcon_core.package_discovery:discover_packages(path) discover
[0.305s] Level 1:colcon.colcon_core.package_discovery:discover_packages(path) using defaults
[0.331s] INFO:colcon.colcon_core.package_selection:Skipping not selected package 'get_pointclouds' in 'ros2_ws/get_pointclouds'
[0.331s] INFO:colcon.colcon_core.package_selection:Skipping not selected package 'turtlebot_gazebo_multiple' in 'ros2_ws/turtlebot_gazebo_multiple'
[0.332s] Level 1:colcon.colcon_core.package_discovery:discover_packages(prefix_path) check parameters
[0.332s] Level 1:colcon.colcon_core.package_discovery:discover_packages(prefix_path) discover
[0.335s] DEBUG:colcon.colcon_installed_package_information.package_discovery:Found 404 installed packages in /opt/ros/jazzy
[0.337s] Level 1:colcon.colcon_core.package_discovery:discover_packages(prefix_path) using defaults
[0.400s] Level 5:colcon.colcon_core.verb:set package 'nav_genetic' build argument 'cmake_args' from command line to 'None'
[0.400s] Level 5:colcon.colcon_core.verb:set package 'nav_genetic' build argument 'cmake_target' from command line to 'None'
[0.400s] Level 5:colcon.colcon_core.verb:set package 'nav_genetic' build argument 'cmake_target_skip_unavailable' from command line to 'False'
[0.400s] Level 5:colcon.colcon_core.verb:set package 'nav_genetic' build argument 'cmake_clean_cache' from command line to 'False'
[0.400s] Level 5:colcon.colcon_core.verb:set package 'nav_genetic' build argument 'cmake_clean_first' from command line to 'False'
[0.400s] Level 5:colcon.colcon_core.verb:set package 'nav_genetic' build argument 'cmake_force_configure' from command line to 'False'
[0.400s] Level 5:colcon.colcon_core.verb:set package 'nav_genetic' build argument 'ament_cmake_args' from command line to 'None'
[0.400s] Level 5:colcon.colcon_core.verb:set package 'nav_genetic' build argument 'catkin_cmake_args' from command line to 'None'
[0.400s] Level 5:colcon.colcon_core.verb:set package 'nav_genetic' build argument 'catkin_skip_building_tests' from command line to 'False'
[0.400s] DEBUG:colcon.colcon_core.verb:Building package 'nav_genetic' with the following arguments: {'ament_cmake_args': None, 'build_base': '/home/marina/Escritorio/var/VAR2026/build/nav_genetic', 'catkin_cmake_args': None, 'catkin_skip_building_tests': False, 'cmake_args': None, 'cmake_clean_cache': False, 'cmake_clean_first': False, 'cmake_force_configure': False, 'cmake_target': None, 'cmake_target_skip_unavailable': False, 'install_base': '/home/marina/Escritorio/var/VAR2026/install/nav_genetic', 'merge_install': False, 'path': '/home/marina/Escritorio/var/VAR2026/ros2_ws/nav_genetic', 'symlink_install': True, 'test_result_base': None}
[0.400s] Level 5:colcon.colcon_core.verb:set package 'turtlebot_gazebo_race' build argument 'cmake_args' from command line to 'None'
[0.400s] Level 5:colcon.colcon_core.verb:set package 'turtlebot_gazebo_race' build argument 'cmake_target' from command line to 'None'
[0.401s] Level 5:colcon.colcon_core.verb:set package 'turtlebot_gazebo_race' build argument 'cmake_target_skip_unavailable' from command line to 'False'
[0.401s] Level 5:colcon.colcon_core.verb:set package 'turtlebot_gazebo_race' build argument 'cmake_clean_cache' from command line to 'False'
[0.401s] Level 5:colcon.colcon_core.verb:set package 'turtlebot_gazebo_race' build argument 'cmake_clean_first' from command line to 'False'
[0.401s] Level 5:colcon.colcon_core.verb:set package 'turtlebot_gazebo_race' build argument 'cmake_force_configure' from command line to 'False'
[0.401s] Level 5:colcon.colcon_core.verb:set package 'turtlebot_gazebo_race' build argument 'ament_cmake_args' from command line to 'None'
[0.401s] Level 5:colcon.colcon_core.verb:set package 'turtlebot_gazebo_race' build argument 'catkin_cmake_args' from command line to 'None'
[0.401s] Level 5:colcon.colcon_core.verb:set package 'turtlebot_gazebo_race' build argument 'catkin_skip_building_tests' from command line to 'False'
[0.401s] DEBUG:colcon.colcon_core.verb:Building package 'turtlebot_gazebo_race' with the following arguments: {'ament_cmake_args': None, 'build_base': '/home/marina/Escritorio/var/VAR2026/build/turtlebot_gazebo_race', 'catkin_cmake_args': None, 'catkin_skip_building_tests': False, 'cmake_args': None, 'cmake_clean_cache': False, 'cmake_clean_first': False, 'cmake_force_configure': False, 'cmake_target': None, 'cmake_target_skip_unavailable': False, 'install_base': '/home/marina/Escritorio/var/VAR2026/install/turtlebot_gazebo_race', 'merge_install': False, 'path': '/home/marina/Escritorio/var/VAR2026/ros2_ws/turtlebot_gazebo_race', 'symlink_install': True, 'test_result_base': None}
[0.401s] INFO:colcon.colcon_core.executor:Executing jobs using 'parallel' executor
[0.402s] DEBUG:colcon.colcon_parallel_executor.executor.parallel:run_until_complete
[0.402s] INFO:colcon.colcon_ros.task.ament_python.build:Building ROS package in '/home/marina/Escritorio/var/VAR2026/ros2_ws/nav_genetic' with build type 'ament_python'
[0.403s] Level 1:colcon.colcon_core.shell:create_environment_hook('nav_genetic', 'ament_prefix_path')
[0.405s] INFO:colcon.colcon_core.plugin_system:Skipping extension 'colcon_core.shell.bat': Not used on non-Windows systems
[0.406s] INFO:colcon.colcon_core.shell:Creating environment hook '/home/marina/Escritorio/var/VAR2026/install/nav_genetic/share/nav_genetic/hook/ament_prefix_path.ps1'
[0.407s] INFO:colcon.colcon_core.shell:Creating environment descriptor '/home/marina/Escritorio/var/VAR2026/install/nav_genetic/share/nav_genetic/hook/ament_prefix_path.dsv'
[0.407s] INFO:colcon.colcon_core.shell:Creating environment hook '/home/marina/Escritorio/var/VAR2026/install/nav_genetic/share/nav_genetic/hook/ament_prefix_path.sh'
[0.408s] INFO:colcon.colcon_core.shell:Skip shell extension 'powershell' for command environment: Not usable outside of PowerShell
[0.408s] DEBUG:colcon.colcon_core.shell:Skip shell extension 'dsv' for command environment
[0.414s] INFO:colcon.colcon_ros.task.ament_cmake.build:Building ROS package in '/home/marina/Escritorio/var/VAR2026/ros2_ws/turtlebot_gazebo_race' with build type 'ament_cmake'
[0.414s] INFO:colcon.colcon_cmake.task.cmake.build:Building CMake package in '/home/marina/Escritorio/var/VAR2026/ros2_ws/turtlebot_gazebo_race'
[0.414s] INFO:colcon.colcon_core.shell:Skip shell extension 'powershell' for command environment: Not usable outside of PowerShell
[0.414s] DEBUG:colcon.colcon_core.shell:Skip shell extension 'dsv' for command environment
[0.742s] INFO:colcon.colcon_core.task.python.build:Building Python package in '/home/marina/Escritorio/var/VAR2026/ros2_ws/nav_genetic'
[0.743s] INFO:colcon.colcon_core.shell:Skip shell extension 'powershell' for command environment: Not usable outside of PowerShell
[0.743s] DEBUG:colcon.colcon_core.shell:Skip shell extension 'dsv' for command environment
[0.753s] DEBUG:colcon.colcon_core.event_handler.log_command:Invoking command in '/home/marina/Escritorio/var/VAR2026/build/turtlebot_gazebo_race': CMAKE_PREFIX_PATH=${CMAKE_PREFIX_PATH}:/opt/ros/jazzy DEBUGINFOD_URLS=https://debuginfod.ubuntu.com /usr/bin/cmake --build /home/marina/Escritorio/var/VAR2026/build/turtlebot_gazebo_race -- -j16 -l16
[0.888s] DEBUG:colcon.colcon_core.event_handler.log_command:Invoked command in '/home/marina/Escritorio/var/VAR2026/build/turtlebot_gazebo_race' returned '0': CMAKE_PREFIX_PATH=${CMAKE_PREFIX_PATH}:/opt/ros/jazzy DEBUGINFOD_URLS=https://debuginfod.ubuntu.com /usr/bin/cmake --build /home/marina/Escritorio/var/VAR2026/build/turtlebot_gazebo_race -- -j16 -l16
[0.909s] DEBUG:colcon.colcon_core.event_handler.log_command:Invoking command in '/home/marina/Escritorio/var/VAR2026/build/turtlebot_gazebo_race': CMAKE_PREFIX_PATH=${CMAKE_PREFIX_PATH}:/opt/ros/jazzy DEBUGINFOD_URLS=https://debuginfod.ubuntu.com /usr/bin/cmake --install /home/marina/Escritorio/var/VAR2026/build/turtlebot_gazebo_race
[0.944s] Level 1:colcon.colcon_core.environment:create_environment_scripts_only(turtlebot_gazebo_race)
[0.945s] DEBUG:colcon.colcon_core.event_handler.log_command:Invoked command in '/home/marina/Escritorio/var/VAR2026/build/turtlebot_gazebo_race' returned '0': CMAKE_PREFIX_PATH=${CMAKE_PREFIX_PATH}:/opt/ros/jazzy DEBUGINFOD_URLS=https://debuginfod.ubuntu.com /usr/bin/cmake --install /home/marina/Escritorio/var/VAR2026/build/turtlebot_gazebo_race
[0.948s] Level 1:colcon.colcon_core.environment:checking '/home/marina/Escritorio/var/VAR2026/install/turtlebot_gazebo_race' for CMake module files
[0.949s] Level 1:colcon.colcon_core.environment:checking '/home/marina/Escritorio/var/VAR2026/install/turtlebot_gazebo_race' for CMake config files
[0.949s] Level 1:colcon.colcon_core.shell:create_environment_hook('turtlebot_gazebo_race', 'cmake_prefix_path')
[0.950s] INFO:colcon.colcon_core.shell:Creating environment hook '/home/marina/Escritorio/var/VAR2026/install/turtlebot_gazebo_race/share/turtlebot_gazebo_race/hook/cmake_prefix_path.ps1'
[0.951s] INFO:colcon.colcon_core.shell:Creating environment descriptor '/home/marina/Escritorio/var/VAR2026/install/turtlebot_gazebo_race/share/turtlebot_gazebo_race/hook/cmake_prefix_path.dsv'
[0.952s] INFO:colcon.colcon_core.shell:Creating environment hook '/home/marina/Escritorio/var/VAR2026/install/turtlebot_gazebo_race/share/turtlebot_gazebo_race/hook/cmake_prefix_path.sh'
[0.953s] Level 1:colcon.colcon_core.environment:checking '/home/marina/Escritorio/var/VAR2026/install/turtlebot_gazebo_race/lib'
[0.953s] Level 1:colcon.colcon_core.environment:checking '/home/marina/Escritorio/var/VAR2026/install/turtlebot_gazebo_race/bin'
[0.954s] Level 1:colcon.colcon_core.environment:checking '/home/marina/Escritorio/var/VAR2026/install/turtlebot_gazebo_race/lib/pkgconfig/turtlebot_gazebo_race.pc'
[0.954s] Level 1:colcon.colcon_core.environment:checking '/home/marina/Escritorio/var/VAR2026/install/turtlebot_gazebo_race/lib/python3.12/site-packages'
[0.955s] Level 1:colcon.colcon_core.environment:checking '/home/marina/Escritorio/var/VAR2026/install/turtlebot_gazebo_race/bin'
[0.955s] INFO:colcon.colcon_core.shell:Creating package script '/home/marina/Escritorio/var/VAR2026/install/turtlebot_gazebo_race/share/turtlebot_gazebo_race/package.ps1'
[0.956s] INFO:colcon.colcon_core.shell:Creating package descriptor '/home/marina/Escritorio/var/VAR2026/install/turtlebot_gazebo_race/share/turtlebot_gazebo_race/package.dsv'
[0.957s] INFO:colcon.colcon_core.shell:Creating package script '/home/marina/Escritorio/var/VAR2026/install/turtlebot_gazebo_race/share/turtlebot_gazebo_race/package.sh'
[0.958s] INFO:colcon.colcon_core.shell:Creating package script '/home/marina/Escritorio/var/VAR2026/install/turtlebot_gazebo_race/share/turtlebot_gazebo_race/package.bash'
[0.959s] INFO:colcon.colcon_core.shell:Creating package script '/home/marina/Escritorio/var/VAR2026/install/turtlebot_gazebo_race/share/turtlebot_gazebo_race/package.zsh'
[0.960s] Level 1:colcon.colcon_core.environment:create_file_with_runtime_dependencies(/home/marina/Escritorio/var/VAR2026/install/turtlebot_gazebo_race/share/colcon-core/packages/turtlebot_gazebo_race)
[0.961s] Level 1:colcon.colcon_core.environment:create_environment_scripts_only(turtlebot_gazebo_race)
[0.962s] Level 1:colcon.colcon_core.environment:checking '/home/marina/Escritorio/var/VAR2026/install/turtlebot_gazebo_race' for CMake module files
[0.963s] Level 1:colcon.colcon_core.environment:checking '/home/marina/Escritorio/var/VAR2026/install/turtlebot_gazebo_race' for CMake config files
[0.963s] Level 1:colcon.colcon_core.shell:create_environment_hook('turtlebot_gazebo_race', 'cmake_prefix_path')
[0.964s] INFO:colcon.colcon_core.shell:Creating environment hook '/home/marina/Escritorio/var/VAR2026/install/turtlebot_gazebo_race/share/turtlebot_gazebo_race/hook/cmake_prefix_path.ps1'
[0.965s] INFO:colcon.colcon_core.shell:Creating environment descriptor '/home/marina/Escritorio/var/VAR2026/install/turtlebot_gazebo_race/share/turtlebot_gazebo_race/hook/cmake_prefix_path.dsv'
[0.965s] INFO:colcon.colcon_core.shell:Creating environment hook '/home/marina/Escritorio/var/VAR2026/install/turtlebot_gazebo_race/share/turtlebot_gazebo_race/hook/cmake_prefix_path.sh'
[0.966s] Level 1:colcon.colcon_core.environment:checking '/home/marina/Escritorio/var/VAR2026/install/turtlebot_gazebo_race/lib'
[0.966s] Level 1:colcon.colcon_core.environment:checking '/home/marina/Escritorio/var/VAR2026/install/turtlebot_gazebo_race/bin'
[0.966s] Level 1:colcon.colcon_core.environment:checking '/home/marina/Escritorio/var/VAR2026/install/turtlebot_gazebo_race/lib/pkgconfig/turtlebot_gazebo_race.pc'
[0.967s] Level 1:colcon.colcon_core.environment:checking '/home/marina/Escritorio/var/VAR2026/install/turtlebot_gazebo_race/lib/python3.12/site-packages'
[0.967s] Level 1:colcon.colcon_core.environment:checking '/home/marina/Escritorio/var/VAR2026/install/turtlebot_gazebo_race/bin'
[0.968s] INFO:colcon.colcon_core.shell:Creating package script '/home/marina/Escritorio/var/VAR2026/install/turtlebot_gazebo_race/share/turtlebot_gazebo_race/package.ps1'
[0.969s] INFO:colcon.colcon_core.shell:Creating package descriptor '/home/marina/Escritorio/var/VAR2026/install/turtlebot_gazebo_race/share/turtlebot_gazebo_race/package.dsv'
[0.970s] INFO:colcon.colcon_core.shell:Creating package script '/home/marina/Escritorio/var/VAR2026/install/turtlebot_gazebo_race/share/turtlebot_gazebo_race/package.sh'
[0.971s] INFO:colcon.colcon_core.shell:Creating package script '/home/marina/Escritorio/var/VAR2026/install/turtlebot_gazebo_race/share/turtlebot_gazebo_race/package.bash'
[0.971s] INFO:colcon.colcon_core.shell:Creating package script '/home/marina/Escritorio/var/VAR2026/install/turtlebot_gazebo_race/share/turtlebot_gazebo_race/package.zsh'
[0.972s] Level 1:colcon.colcon_core.environment:create_file_with_runtime_dependencies(/home/marina/Escritorio/var/VAR2026/install/turtlebot_gazebo_race/share/colcon-core/packages/turtlebot_gazebo_race)
[1.639s] DEBUG:colcon.colcon_core.event_handler.log_command:Invoking command in '/home/marina/Escritorio/var/VAR2026/build/nav_genetic': DEBUGINFOD_URLS=https://debuginfod.ubuntu.com PYTHONPATH=/home/marina/Escritorio/var/VAR2026/build/nav_genetic/prefix_override:/usr/lib/python3/dist-packages/colcon_core/task/python/colcon_distutils_commands:/home/marina/Escritorio/var/VAR2026/install/nav_genetic/lib/python3.12/site-packages:${PYTHONPATH} /usr/bin/python3 -W ignore:setup.py install is deprecated -W ignore:easy_install command is deprecated setup.py develop --editable --build-directory /home/marina/Escritorio/var/VAR2026/build/nav_genetic/build --no-deps symlink_data
[2.572s] Level 1:colcon.colcon_core.shell:create_environment_hook('nav_genetic', 'pythonpath_develop')
[2.572s] INFO:colcon.colcon_core.shell:Creating environment hook '/home/marina/Escritorio/var/VAR2026/build/nav_genetic/share/nav_genetic/hook/pythonpath_develop.ps1'
[2.573s] DEBUG:colcon.colcon_core.event_handler.log_command:Invoked command in '/home/marina/Escritorio/var/VAR2026/build/nav_genetic' returned '0': DEBUGINFOD_URLS=https://debuginfod.ubuntu.com PYTHONPATH=/home/marina/Escritorio/var/VAR2026/build/nav_genetic/prefix_override:/usr/lib/python3/dist-packages/colcon_core/task/python/colcon_distutils_commands:/home/marina/Escritorio/var/VAR2026/install/nav_genetic/lib/python3.12/site-packages:${PYTHONPATH} /usr/bin/python3 -W ignore:setup.py install is deprecated -W ignore:easy_install command is deprecated setup.py develop --editable --build-directory /home/marina/Escritorio/var/VAR2026/build/nav_genetic/build --no-deps symlink_data
[2.574s] INFO:colcon.colcon_core.shell:Creating environment descriptor '/home/marina/Escritorio/var/VAR2026/build/nav_genetic/share/nav_genetic/hook/pythonpath_develop.dsv'
[2.574s] INFO:colcon.colcon_core.shell:Creating environment hook '/home/marina/Escritorio/var/VAR2026/build/nav_genetic/share/nav_genetic/hook/pythonpath_develop.sh'
[2.575s] Level 1:colcon.colcon_core.environment:checking '/home/marina/Escritorio/var/VAR2026/install/nav_genetic' for CMake module files
[2.576s] Level 1:colcon.colcon_core.environment:checking '/home/marina/Escritorio/var/VAR2026/install/nav_genetic' for CMake config files
[2.576s] Level 1:colcon.colcon_core.environment:checking '/home/marina/Escritorio/var/VAR2026/install/nav_genetic/lib'
[2.577s] Level 1:colcon.colcon_core.environment:checking '/home/marina/Escritorio/var/VAR2026/install/nav_genetic/bin'
[2.577s] Level 1:colcon.colcon_core.environment:checking '/home/marina/Escritorio/var/VAR2026/install/nav_genetic/lib/pkgconfig/nav_genetic.pc'
[2.577s] Level 1:colcon.colcon_core.environment:checking '/home/marina/Escritorio/var/VAR2026/install/nav_genetic/lib/python3.12/site-packages'
[2.577s] Level 1:colcon.colcon_core.shell:create_environment_hook('nav_genetic', 'pythonpath')
[2.578s] INFO:colcon.colcon_core.shell:Creating environment hook '/home/marina/Escritorio/var/VAR2026/install/nav_genetic/share/nav_genetic/hook/pythonpath.ps1'
[2.579s] INFO:colcon.colcon_core.shell:Creating environment descriptor '/home/marina/Escritorio/var/VAR2026/install/nav_genetic/share/nav_genetic/hook/pythonpath.dsv'
[2.579s] INFO:colcon.colcon_core.shell:Creating environment hook '/home/marina/Escritorio/var/VAR2026/install/nav_genetic/share/nav_genetic/hook/pythonpath.sh'
[2.580s] Level 1:colcon.colcon_core.environment:checking '/home/marina/Escritorio/var/VAR2026/install/nav_genetic/bin'
[2.580s] Level 1:colcon.colcon_core.environment:create_environment_scripts_only(nav_genetic)
[2.581s] INFO:colcon.colcon_core.shell:Creating package script '/home/marina/Escritorio/var/VAR2026/install/nav_genetic/share/nav_genetic/package.ps1'
[2.581s] INFO:colcon.colcon_core.shell:Creating package descriptor '/home/marina/Escritorio/var/VAR2026/install/nav_genetic/share/nav_genetic/package.dsv'
[2.582s] INFO:colcon.colcon_core.shell:Creating package script '/home/marina/Escritorio/var/VAR2026/install/nav_genetic/share/nav_genetic/package.sh'
[2.583s] INFO:colcon.colcon_core.shell:Creating package script '/home/marina/Escritorio/var/VAR2026/install/nav_genetic/share/nav_genetic/package.bash'
[2.583s] INFO:colcon.colcon_core.shell:Creating package script '/home/marina/Escritorio/var/VAR2026/install/nav_genetic/share/nav_genetic/package.zsh'
[2.584s] Level 1:colcon.colcon_core.environment:create_file_with_runtime_dependencies(/home/marina/Escritorio/var/VAR2026/install/nav_genetic/share/colcon-core/packages/nav_genetic)
[2.584s] DEBUG:colcon.colcon_parallel_executor.executor.parallel:closing loop
[2.584s] DEBUG:colcon.colcon_parallel_executor.executor.parallel:loop closed
[2.585s] DEBUG:colcon.colcon_parallel_executor.executor.parallel:run_until_complete finished with '0'
[2.585s] DEBUG:colcon.colcon_core.event_reactor:joining thread
[2.593s] INFO:colcon.colcon_core.plugin_system:Skipping extension 'colcon_notification.desktop_notification.terminal_notifier': Not used on non-Darwin systems
[2.594s] INFO:colcon.colcon_core.plugin_system:Skipping extension 'colcon_notification.desktop_notification.win32': Not used on non-Windows systems
[2.594s] INFO:colcon.colcon_notification.desktop_notification:Sending desktop notification using 'notify2'
[2.594s] DEBUG:colcon.colcon_notification.desktop_notification.notify2:Failed to initialize notify2: org.freedesktop.DBus.Error.AccessDenied: Failed to connect to socket /run/user/1000/bus: Operation not permitted
[2.594s] DEBUG:colcon.colcon_core.event_reactor:joined thread
[2.594s] INFO:colcon.colcon_core.shell:Creating prefix script '/home/marina/Escritorio/var/VAR2026/install/local_setup.ps1'
[2.596s] INFO:colcon.colcon_core.shell:Creating prefix util module '/home/marina/Escritorio/var/VAR2026/install/_local_setup_util_ps1.py'
[2.598s] INFO:colcon.colcon_core.shell:Creating prefix chain script '/home/marina/Escritorio/var/VAR2026/install/setup.ps1'
[2.600s] INFO:colcon.colcon_core.shell:Creating prefix script '/home/marina/Escritorio/var/VAR2026/install/local_setup.sh'
[2.601s] INFO:colcon.colcon_core.shell:Creating prefix util module '/home/marina/Escritorio/var/VAR2026/install/_local_setup_util_sh.py'
[2.602s] INFO:colcon.colcon_core.shell:Creating prefix chain script '/home/marina/Escritorio/var/VAR2026/install/setup.sh'
[2.604s] INFO:colcon.colcon_core.shell:Creating prefix script '/home/marina/Escritorio/var/VAR2026/install/local_setup.bash'
[2.605s] INFO:colcon.colcon_core.shell:Creating prefix chain script '/home/marina/Escritorio/var/VAR2026/install/setup.bash'
[2.606s] INFO:colcon.colcon_core.shell:Creating prefix script '/home/marina/Escritorio/var/VAR2026/install/local_setup.zsh'
[2.607s] INFO:colcon.colcon_core.shell:Creating prefix chain script '/home/marina/Escritorio/var/VAR2026/install/setup.zsh'
