[0.101s] DEBUG:colcon:Command line arguments: ['/usr/bin/colcon', 'build', '--packages-select', 'nav_genetic', '--symlink-install']
[0.102s] DEBUG:colcon:Parsed command line arguments: Namespace(log_base=None, log_level=None, verb_name='build', build_base='build', install_base='install', merge_install=False, symlink_install=True, test_result_base=None, continue_on_error=False, executor='parallel', parallel_workers=16, event_handlers=None, ignore_user_meta=False, metas=['./colcon.meta'], base_paths=['.'], packages_ignore=None, packages_ignore_regex=None, paths=None, packages_up_to=None, packages_up_to_regex=None, packages_above=None, packages_above_and_dependencies=None, packages_above_depth=None, packages_select_by_dep=None, packages_skip_by_dep=None, packages_skip_up_to=None, packages_select_build_failed=False, packages_skip_build_finished=False, packages_select_test_failures=False, packages_skip_test_passed=False, packages_select=['nav_genetic'], packages_skip=None, packages_select_regex=None, packages_skip_regex=None, packages_start=None, packages_end=None, allow_overriding=[], cmake_args=None, cmake_target=None, cmake_target_skip_unavailable=False, cmake_clean_cache=False, cmake_clean_first=False, cmake_force_configure=False, ament_cmake_args=None, catkin_cmake_args=None, catkin_skip_building_tests=False, mixin_files=None, mixin=None, verb_parser=<colcon_mixin.mixin.mixin_argument.MixinArgumentDecorator object at 0x7a6bdd4c8530>, verb_extension=<colcon_core.verb.build.BuildVerb object at 0x7a6bdd5ecb90>, main=<bound method BuildVerb.main of <colcon_core.verb.build.BuildVerb object at 0x7a6bdd5ecb90>>, mixin_verb=('build',))
[0.138s] Level 1:colcon.colcon_core.package_discovery:discover_packages(colcon_meta) check parameters
[0.139s] Level 1:colcon.colcon_core.package_discovery:discover_packages(recursive) check parameters
[0.139s] Level 1:colcon.colcon_core.package_discovery:discover_packages(ignore) check parameters
[0.139s] Level 1:colcon.colcon_core.package_discovery:discover_packages(path) check parameters
[0.139s] Level 1:colcon.colcon_core.package_discovery:discover_packages(colcon_meta) discover
[0.139s] Level 1:colcon.colcon_core.package_discovery:discover_packages(recursive) discover
[0.139s] INFO:colcon.colcon_core.package_discovery:Crawling recursively for packages in '/home/marina/Escritorio/var/VAR2026'
[0.139s] Level 1:colcon.colcon_core.package_identification:_identify(.) by extensions ['ignore', 'ignore_ament_install']
[0.139s] Level 1:colcon.colcon_core.package_identification:_identify(.) by extension 'ignore'
[0.139s] Level 1:colcon.colcon_core.package_identification:_identify(.) by extension 'ignore_ament_install'
[0.139s] Level 1:colcon.colcon_core.package_identification:_identify(.) by extensions ['colcon_pkg']
[0.139s] Level 1:colcon.colcon_core.package_identification:_identify(.) by extension 'colcon_pkg'
[0.139s] Level 1:colcon.colcon_core.package_identification:_identify(.) by extensions ['colcon_meta']
[0.139s] Level 1:colcon.colcon_core.package_identification:_identify(.) by extension 'colcon_meta'
[0.140s] Level 1:colcon.colcon_core.package_identification:_identify(.) by extensions ['ros']
[0.140s] Level 1:colcon.colcon_core.package_identification:_identify(.) by extension 'ros'
[0.163s] Level 1:colcon.colcon_core.package_identification:_identify(.) by extensions ['cmake', 'python']
[0.163s] Level 1:colcon.colcon_core.package_identification:_identify(.) by extension 'cmake'
[0.163s] Level 1:colcon.colcon_core.package_identification:_identify(.) by extension 'python'
[0.163s] Level 1:colcon.colcon_core.package_identification:_identify(.) by extensions ['python_setup_py']
[0.163s] Level 1:colcon.colcon_core.package_identification:_identify(.) by extension 'python_setup_py'
[0.163s] Level 1:colcon.colcon_core.package_identification:_identify(build) by extensions ['ignore', 'ignore_ament_install']
[0.164s] Level 1:colcon.colcon_core.package_identification:_identify(build) by extension 'ignore'
[0.164s] Level 1:colcon.colcon_core.package_identification:_identify(build) ignored
[0.164s] Level 1:colcon.colcon_core.package_identification:_identify(install) by extensions ['ignore', 'ignore_ament_install']
[0.164s] Level 1:colcon.colcon_core.package_identification:_identify(install) by extension 'ignore'
[0.164s] Level 1:colcon.colcon_core.package_identification:_identify(install) ignored
[0.164s] Level 1:colcon.colcon_core.package_identification:_identify(log) by extensions ['ignore', 'ignore_ament_install']
[0.164s] Level 1:colcon.colcon_core.package_identification:_identify(log) by extension 'ignore'
[0.164s] Level 1:colcon.colcon_core.package_identification:_identify(log) ignored
[0.164s] Level 1:colcon.colcon_core.package_identification:_identify(ros2_ws) by extensions ['ignore', 'ignore_ament_install']
[0.164s] Level 1:colcon.colcon_core.package_identification:_identify(ros2_ws) by extension 'ignore'
[0.164s] Level 1:colcon.colcon_core.package_identification:_identify(ros2_ws) by extension 'ignore_ament_install'
[0.164s] Level 1:colcon.colcon_core.package_identification:_identify(ros2_ws) by extensions ['colcon_pkg']
[0.164s] Level 1:colcon.colcon_core.package_identification:_identify(ros2_ws) by extension 'colcon_pkg'
[0.164s] Level 1:colcon.colcon_core.package_identification:_identify(ros2_ws) by extensions ['colcon_meta']
[0.164s] Level 1:colcon.colcon_core.package_identification:_identify(ros2_ws) by extension 'colcon_meta'
[0.164s] Level 1:colcon.colcon_core.package_identification:_identify(ros2_ws) by extensions ['ros']
[0.164s] Level 1:colcon.colcon_core.package_identification:_identify(ros2_ws) by extension 'ros'
[0.164s] Level 1:colcon.colcon_core.package_identification:_identify(ros2_ws) by extensions ['cmake', 'python']
[0.165s] Level 1:colcon.colcon_core.package_identification:_identify(ros2_ws) by extension 'cmake'
[0.165s] Level 1:colcon.colcon_core.package_identification:_identify(ros2_ws) by extension 'python'
[0.165s] Level 1:colcon.colcon_core.package_identification:_identify(ros2_ws) by extensions ['python_setup_py']
[0.165s] Level 1:colcon.colcon_core.package_identification:_identify(ros2_ws) by extension 'python_setup_py'
[0.165s] Level 1:colcon.colcon_core.package_identification:_identify(ros2_ws/get_pointclouds) by extensions ['ignore', 'ignore_ament_install']
[0.165s] Level 1:colcon.colcon_core.package_identification:_identify(ros2_ws/get_pointclouds) by extension 'ignore'
[0.165s] Level 1:colcon.colcon_core.package_identification:_identify(ros2_ws/get_pointclouds) by extension 'ignore_ament_install'
[0.165s] Level 1:colcon.colcon_core.package_identification:_identify(ros2_ws/get_pointclouds) by extensions ['colcon_pkg']
[0.165s] Level 1:colcon.colcon_core.package_identification:_identify(ros2_ws/get_pointclouds) by extension 'colcon_pkg'
[0.165s] Level 1:colcon.colcon_core.package_identification:_identify(ros2_ws/get_pointclouds) by extensions ['colcon_meta']
[0.165s] Level 1:colcon.colcon_core.package_identification:_identify(ros2_ws/get_pointclouds) by extension 'colcon_meta'
[0.165s] Level 1:colcon.colcon_core.package_identification:_identify(ros2_ws/get_pointclouds) by extensions ['ros']
[0.165s] Level 1:colcon.colcon_core.package_identification:_identify(ros2_ws/get_pointclouds) by extension 'ros'
[0.167s] DEBUG:colcon.colcon_core.package_identification:Package 'ros2_ws/get_pointclouds' with type 'ros.ament_cmake' and name 'get_pointclouds'
[0.167s] Level 1:colcon.colcon_core.package_identification:_identify(ros2_ws/nav_genetic) by extensions ['ignore', 'ignore_ament_install']
[0.167s] Level 1:colcon.colcon_core.package_identification:_identify(ros2_ws/nav_genetic) by extension 'ignore'
[0.168s] Level 1:colcon.colcon_core.package_identification:_identify(ros2_ws/nav_genetic) by extension 'ignore_ament_install'
[0.168s] Level 1:colcon.colcon_core.package_identification:_identify(ros2_ws/nav_genetic) by extensions ['colcon_pkg']
[0.168s] Level 1:colcon.colcon_core.package_identification:_identify(ros2_ws/nav_genetic) by extension 'colcon_pkg'
[0.168s] Level 1:colcon.colcon_core.package_identification:_identify(ros2_ws/nav_genetic) by extensions ['colcon_meta']
[0.168s] Level 1:colcon.colcon_core.package_identification:_identify(ros2_ws/nav_genetic) by extension 'colcon_meta'
[0.168s] Level 1:colcon.colcon_core.package_identification:_identify(ros2_ws/nav_genetic) by extensions ['ros']
[0.168s] Level 1:colcon.colcon_core.package_identification:_identify(ros2_ws/nav_genetic) by extension 'ros'
[0.168s] DEBUG:colcon.colcon_core.package_identification:Package 'ros2_ws/nav_genetic' with type 'ros.ament_python' and name 'nav_genetic'
[0.169s] Level 1:colcon.colcon_core.package_identification:_identify(ros2_ws/turtlebot_gazebo_multiple) by extensions ['ignore', 'ignore_ament_install']
[0.169s] Level 1:colcon.colcon_core.package_identification:_identify(ros2_ws/turtlebot_gazebo_multiple) by extension 'ignore'
[0.169s] Level 1:colcon.colcon_core.package_identification:_identify(ros2_ws/turtlebot_gazebo_multiple) by extension 'ignore_ament_install'
[0.169s] Level 1:colcon.colcon_core.package_identification:_identify(ros2_ws/turtlebot_gazebo_multiple) by extensions ['colcon_pkg']
[0.169s] Level 1:colcon.colcon_core.package_identification:_identify(ros2_ws/turtlebot_gazebo_multiple) by extension 'colcon_pkg'
[0.169s] Level 1:colcon.colcon_core.package_identification:_identify(ros2_ws/turtlebot_gazebo_multiple) by extensions ['colcon_meta']
[0.169s] Level 1:colcon.colcon_core.package_identification:_identify(ros2_ws/turtlebot_gazebo_multiple) by extension 'colcon_meta'
[0.169s] Level 1:colcon.colcon_core.package_identification:_identify(ros2_ws/turtlebot_gazebo_multiple) by extensions ['ros']
[0.169s] Level 1:colcon.colcon_core.package_identification:_identify(ros2_ws/turtlebot_gazebo_multiple) by extension 'ros'
[0.169s] DEBUG:colcon.colcon_core.package_identification:Package 'ros2_ws/turtlebot_gazebo_multiple' with type 'ros.ament_cmake' and name 'turtlebot_gazebo_multiple'
[0.169s] Level 1:colcon.colcon_core.package_identification:_identify(ros2_ws/turtlebot_gazebo_race) by extensions ['ignore', 'ignore_ament_install']
[0.169s] Level 1:colcon.colcon_core.package_identification:_identify(ros2_ws/turtlebot_gazebo_race) by extension 'ignore'
[0.169s] Level 1:colcon.colcon_core.package_identification:_identify(ros2_ws/turtlebot_gazebo_race) by extension 'ignore_ament_install'
[0.169s] Level 1:colcon.colcon_core.package_identification:_identify(ros2_ws/turtlebot_gazebo_race) by extensions ['colcon_pkg']
[0.169s] Level 1:colcon.colcon_core.package_identification:_identify(ros2_ws/turtlebot_gazebo_race) by extension 'colcon_pkg'
[0.170s] Level 1:colcon.colcon_core.package_identification:_identify(ros2_ws/turtlebot_gazebo_race) by extensions ['colcon_meta']
[0.170s] Level 1:colcon.colcon_core.package_identification:_identify(ros2_ws/turtlebot_gazebo_race) by extension 'colcon_meta'
[0.170s] Level 1:colcon.colcon_core.package_identification:_identify(ros2_ws/turtlebot_gazebo_race) by extensions ['ros']
[0.170s] Level 1:colcon.colcon_core.package_identification:_identify(ros2_ws/turtlebot_gazebo_race) by extension 'ros'
[0.170s] DEBUG:colcon.colcon_core.package_identification:Package 'ros2_ws/turtlebot_gazebo_race' with type 'ros.ament_cmake' and name 'turtlebot_gazebo_race'
[0.170s] Level 1:colcon.colcon_core.package_identification:_identify(ros2_ws/vision_robotica) by extensions ['ignore', 'ignore_ament_install']
[0.170s] Level 1:colcon.colcon_core.package_identification:_identify(ros2_ws/vision_robotica) by extension 'ignore'
[0.171s] Level 1:colcon.colcon_core.package_identification:_identify(ros2_ws/vision_robotica) by extension 'ignore_ament_install'
[0.171s] Level 1:colcon.colcon_core.package_identification:_identify(ros2_ws/vision_robotica) by extensions ['colcon_pkg']
[0.171s] Level 1:colcon.colcon_core.package_identification:_identify(ros2_ws/vision_robotica) by extension 'colcon_pkg'
[0.171s] Level 1:colcon.colcon_core.package_identification:_identify(ros2_ws/vision_robotica) by extensions ['colcon_meta']
[0.171s] Level 1:colcon.colcon_core.package_identification:_identify(ros2_ws/vision_robotica) by extension 'colcon_meta'
[0.171s] Level 1:colcon.colcon_core.package_identification:_identify(ros2_ws/vision_robotica) by extensions ['ros']
[0.171s] Level 1:colcon.colcon_core.package_identification:_identify(ros2_ws/vision_robotica) by extension 'ros'
[0.171s] Level 1:colcon.colcon_core.package_identification:_identify(ros2_ws/vision_robotica) by extensions ['cmake', 'python']
[0.171s] Level 1:colcon.colcon_core.package_identification:_identify(ros2_ws/vision_robotica) by extension 'cmake'
[0.171s] Level 1:colcon.colcon_core.package_identification:_identify(ros2_ws/vision_robotica) by extension 'python'
[0.171s] Level 1:colcon.colcon_core.package_identification:_identify(ros2_ws/vision_robotica) by extensions ['python_setup_py']
[0.171s] Level 1:colcon.colcon_core.package_identification:_identify(ros2_ws/vision_robotica) by extension 'python_setup_py'
[0.171s] Level 1:colcon.colcon_core.package_identification:_identify(ros2_ws/vision_robotica/worlds) by extensions ['ignore', 'ignore_ament_install']
[0.171s] Level 1:colcon.colcon_core.package_identification:_identify(ros2_ws/vision_robotica/worlds) by extension 'ignore'
[0.171s] Level 1:colcon.colcon_core.package_identification:_identify(ros2_ws/vision_robotica/worlds) by extension 'ignore_ament_install'
[0.171s] Level 1:colcon.colcon_core.package_identification:_identify(ros2_ws/vision_robotica/worlds) by extensions ['colcon_pkg']
[0.171s] Level 1:colcon.colcon_core.package_identification:_identify(ros2_ws/vision_robotica/worlds) by extension 'colcon_pkg'
[0.171s] Level 1:colcon.colcon_core.package_identification:_identify(ros2_ws/vision_robotica/worlds) by extensions ['colcon_meta']
[0.171s] Level 1:colcon.colcon_core.package_identification:_identify(ros2_ws/vision_robotica/worlds) by extension 'colcon_meta'
[0.171s] Level 1:colcon.colcon_core.package_identification:_identify(ros2_ws/vision_robotica/worlds) by extensions ['ros']
[0.171s] Level 1:colcon.colcon_core.package_identification:_identify(ros2_ws/vision_robotica/worlds) by extension 'ros'
[0.171s] Level 1:colcon.colcon_core.package_identification:_identify(ros2_ws/vision_robotica/worlds) by extensions ['cmake', 'python']
[0.172s] Level 1:colcon.colcon_core.package_identification:_identify(ros2_ws/vision_robotica/worlds) by extension 'cmake'
[0.172s] Level 1:colcon.colcon_core.package_identification:_identify(ros2_ws/vision_robotica/worlds) by extension 'python'
[0.172s] Level 1:colcon.colcon_core.package_identification:_identify(ros2_ws/vision_robotica/worlds) by extensions ['python_setup_py']
[0.172s] Level 1:colcon.colcon_core.package_identification:_identify(ros2_ws/vision_robotica/worlds) by extension 'python_setup_py'
[0.172s] Level 1:colcon.colcon_core.package_discovery:discover_packages(recursive) using defaults
[0.172s] Level 1:colcon.colcon_core.package_discovery:discover_packages(ignore) discover
[0.172s] Level 1:colcon.colcon_core.package_discovery:discover_packages(ignore) using defaults
[0.172s] Level 1:colcon.colcon_core.package_discovery:discover_packages(path) discover
[0.172s] Level 1:colcon.colcon_core.package_discovery:discover_packages(path) using defaults
[0.188s] INFO:colcon.colcon_core.package_selection:Skipping not selected package 'get_pointclouds' in 'ros2_ws/get_pointclouds'
[0.188s] INFO:colcon.colcon_core.package_selection:Skipping not selected package 'turtlebot_gazebo_multiple' in 'ros2_ws/turtlebot_gazebo_multiple'
[0.188s] INFO:colcon.colcon_core.package_selection:Skipping not selected package 'turtlebot_gazebo_race' in 'ros2_ws/turtlebot_gazebo_race'
[0.188s] Level 1:colcon.colcon_core.package_discovery:discover_packages(prefix_path) check parameters
[0.188s] Level 1:colcon.colcon_core.package_discovery:discover_packages(prefix_path) discover
[0.190s] DEBUG:colcon.colcon_installed_package_information.package_discovery:Found 404 installed packages in /opt/ros/jazzy
[0.192s] Level 1:colcon.colcon_core.package_discovery:discover_packages(prefix_path) using defaults
[0.230s] Level 5:colcon.colcon_core.verb:set package 'nav_genetic' build argument 'cmake_args' from command line to 'None'
[0.230s] Level 5:colcon.colcon_core.verb:set package 'nav_genetic' build argument 'cmake_target' from command line to 'None'
[0.230s] Level 5:colcon.colcon_core.verb:set package 'nav_genetic' build argument 'cmake_target_skip_unavailable' from command line to 'False'
[0.230s] Level 5:colcon.colcon_core.verb:set package 'nav_genetic' build argument 'cmake_clean_cache' from command line to 'False'
[0.230s] Level 5:colcon.colcon_core.verb:set package 'nav_genetic' build argument 'cmake_clean_first' from command line to 'False'
[0.230s] Level 5:colcon.colcon_core.verb:set package 'nav_genetic' build argument 'cmake_force_configure' from command line to 'False'
[0.230s] Level 5:colcon.colcon_core.verb:set package 'nav_genetic' build argument 'ament_cmake_args' from command line to 'None'
[0.230s] Level 5:colcon.colcon_core.verb:set package 'nav_genetic' build argument 'catkin_cmake_args' from command line to 'None'
[0.230s] Level 5:colcon.colcon_core.verb:set package 'nav_genetic' build argument 'catkin_skip_building_tests' from command line to 'False'
[0.230s] DEBUG:colcon.colcon_core.verb:Building package 'nav_genetic' with the following arguments: {'ament_cmake_args': None, 'build_base': '/home/marina/Escritorio/var/VAR2026/build/nav_genetic', 'catkin_cmake_args': None, 'catkin_skip_building_tests': False, 'cmake_args': None, 'cmake_clean_cache': False, 'cmake_clean_first': False, 'cmake_force_configure': False, 'cmake_target': None, 'cmake_target_skip_unavailable': False, 'install_base': '/home/marina/Escritorio/var/VAR2026/install/nav_genetic', 'merge_install': False, 'path': '/home/marina/Escritorio/var/VAR2026/ros2_ws/nav_genetic', 'symlink_install': True, 'test_result_base': None}
[0.230s] INFO:colcon.colcon_core.executor:Executing jobs using 'parallel' executor
[0.231s] DEBUG:colcon.colcon_parallel_executor.executor.parallel:run_until_complete
[0.231s] INFO:colcon.colcon_ros.task.ament_python.build:Building ROS package in '/home/marina/Escritorio/var/VAR2026/ros2_ws/nav_genetic' with build type 'ament_python'
[0.232s] Level 1:colcon.colcon_core.shell:create_environment_hook('nav_genetic', 'ament_prefix_path')
[0.233s] INFO:colcon.colcon_core.plugin_system:Skipping extension 'colcon_core.shell.bat': Not used on non-Windows systems
[0.233s] INFO:colcon.colcon_core.shell:Creating environment hook '/home/marina/Escritorio/var/VAR2026/install/nav_genetic/share/nav_genetic/hook/ament_prefix_path.ps1'
[0.234s] INFO:colcon.colcon_core.shell:Creating environment descriptor '/home/marina/Escritorio/var/VAR2026/install/nav_genetic/share/nav_genetic/hook/ament_prefix_path.dsv'
[0.234s] INFO:colcon.colcon_core.shell:Creating environment hook '/home/marina/Escritorio/var/VAR2026/install/nav_genetic/share/nav_genetic/hook/ament_prefix_path.sh'
[0.235s] INFO:colcon.colcon_core.shell:Skip shell extension 'powershell' for command environment: Not usable outside of PowerShell
[0.235s] DEBUG:colcon.colcon_core.shell:Skip shell extension 'dsv' for command environment
[0.414s] INFO:colcon.colcon_core.task.python.build:Building Python package in '/home/marina/Escritorio/var/VAR2026/ros2_ws/nav_genetic'
[0.414s] INFO:colcon.colcon_core.shell:Skip shell extension 'powershell' for command environment: Not usable outside of PowerShell
[0.414s] DEBUG:colcon.colcon_core.shell:Skip shell extension 'dsv' for command environment
[0.871s] DEBUG:colcon.colcon_core.event_handler.log_command:Invoking command in '/home/marina/Escritorio/var/VAR2026/build/nav_genetic': DEBUGINFOD_URLS=https://debuginfod.ubuntu.com PYTHONPATH=/home/marina/Escritorio/var/VAR2026/build/nav_genetic/prefix_override:/usr/lib/python3/dist-packages/colcon_core/task/python/colcon_distutils_commands:/home/marina/Escritorio/var/VAR2026/install/nav_genetic/lib/python3.12/site-packages:${PYTHONPATH} /usr/bin/python3 -W ignore:setup.py install is deprecated -W ignore:easy_install command is deprecated setup.py develop --editable --build-directory /home/marina/Escritorio/var/VAR2026/build/nav_genetic/build --no-deps symlink_data
[1.388s] Level 1:colcon.colcon_core.shell:create_environment_hook('nav_genetic', 'pythonpath_develop')
[1.389s] INFO:colcon.colcon_core.shell:Creating environment hook '/home/marina/Escritorio/var/VAR2026/build/nav_genetic/share/nav_genetic/hook/pythonpath_develop.ps1'
[1.389s] DEBUG:colcon.colcon_core.event_handler.log_command:Invoked command in '/home/marina/Escritorio/var/VAR2026/build/nav_genetic' returned '0': DEBUGINFOD_URLS=https://debuginfod.ubuntu.com PYTHONPATH=/home/marina/Escritorio/var/VAR2026/build/nav_genetic/prefix_override:/usr/lib/python3/dist-packages/colcon_core/task/python/colcon_distutils_commands:/home/marina/Escritorio/var/VAR2026/install/nav_genetic/lib/python3.12/site-packages:${PYTHONPATH} /usr/bin/python3 -W ignore:setup.py install is deprecated -W ignore:easy_install command is deprecated setup.py develop --editable --build-directory /home/marina/Escritorio/var/VAR2026/build/nav_genetic/build --no-deps symlink_data
[1.390s] INFO:colcon.colcon_core.shell:Creating environment descriptor '/home/marina/Escritorio/var/VAR2026/build/nav_genetic/share/nav_genetic/hook/pythonpath_develop.dsv'
[1.390s] INFO:colcon.colcon_core.shell:Creating environment hook '/home/marina/Escritorio/var/VAR2026/build/nav_genetic/share/nav_genetic/hook/pythonpath_develop.sh'
[1.391s] Level 1:colcon.colcon_core.environment:checking '/home/marina/Escritorio/var/VAR2026/install/nav_genetic' for CMake module files
[1.392s] Level 1:colcon.colcon_core.environment:checking '/home/marina/Escritorio/var/VAR2026/install/nav_genetic' for CMake config files
[1.392s] Level 1:colcon.colcon_core.environment:checking '/home/marina/Escritorio/var/VAR2026/install/nav_genetic/lib'
[1.392s] Level 1:colcon.colcon_core.environment:checking '/home/marina/Escritorio/var/VAR2026/install/nav_genetic/bin'
[1.392s] Level 1:colcon.colcon_core.environment:checking '/home/marina/Escritorio/var/VAR2026/install/nav_genetic/lib/pkgconfig/nav_genetic.pc'
[1.393s] Level 1:colcon.colcon_core.environment:checking '/home/marina/Escritorio/var/VAR2026/install/nav_genetic/lib/python3.12/site-packages'
[1.393s] Level 1:colcon.colcon_core.shell:create_environment_hook('nav_genetic', 'pythonpath')
[1.393s] INFO:colcon.colcon_core.shell:Creating environment hook '/home/marina/Escritorio/var/VAR2026/install/nav_genetic/share/nav_genetic/hook/pythonpath.ps1'
[1.393s] INFO:colcon.colcon_core.shell:Creating environment descriptor '/home/marina/Escritorio/var/VAR2026/install/nav_genetic/share/nav_genetic/hook/pythonpath.dsv'
[1.393s] INFO:colcon.colcon_core.shell:Creating environment hook '/home/marina/Escritorio/var/VAR2026/install/nav_genetic/share/nav_genetic/hook/pythonpath.sh'
[1.394s] Level 1:colcon.colcon_core.environment:checking '/home/marina/Escritorio/var/VAR2026/install/nav_genetic/bin'
[1.394s] Level 1:colcon.colcon_core.environment:create_environment_scripts_only(nav_genetic)
[1.394s] INFO:colcon.colcon_core.shell:Creating package script '/home/marina/Escritorio/var/VAR2026/install/nav_genetic/share/nav_genetic/package.ps1'
[1.395s] INFO:colcon.colcon_core.shell:Creating package descriptor '/home/marina/Escritorio/var/VAR2026/install/nav_genetic/share/nav_genetic/package.dsv'
[1.395s] INFO:colcon.colcon_core.shell:Creating package script '/home/marina/Escritorio/var/VAR2026/install/nav_genetic/share/nav_genetic/package.sh'
[1.396s] INFO:colcon.colcon_core.shell:Creating package script '/home/marina/Escritorio/var/VAR2026/install/nav_genetic/share/nav_genetic/package.bash'
[1.396s] INFO:colcon.colcon_core.shell:Creating package script '/home/marina/Escritorio/var/VAR2026/install/nav_genetic/share/nav_genetic/package.zsh'
[1.396s] Level 1:colcon.colcon_core.environment:create_file_with_runtime_dependencies(/home/marina/Escritorio/var/VAR2026/install/nav_genetic/share/colcon-core/packages/nav_genetic)
[1.397s] DEBUG:colcon.colcon_parallel_executor.executor.parallel:closing loop
[1.397s] DEBUG:colcon.colcon_parallel_executor.executor.parallel:loop closed
[1.397s] DEBUG:colcon.colcon_parallel_executor.executor.parallel:run_until_complete finished with '0'
[1.397s] DEBUG:colcon.colcon_core.event_reactor:joining thread
[1.402s] INFO:colcon.colcon_core.plugin_system:Skipping extension 'colcon_notification.desktop_notification.terminal_notifier': Not used on non-Darwin systems
[1.402s] INFO:colcon.colcon_core.plugin_system:Skipping extension 'colcon_notification.desktop_notification.win32': Not used on non-Windows systems
[1.402s] INFO:colcon.colcon_notification.desktop_notification:Sending desktop notification using 'notify2'
[1.402s] DEBUG:colcon.colcon_notification.desktop_notification.notify2:Failed to initialize notify2: org.freedesktop.DBus.Error.AccessDenied: Failed to connect to socket /run/user/1000/bus: Operation not permitted
[1.402s] DEBUG:colcon.colcon_core.event_reactor:joined thread
[1.402s] INFO:colcon.colcon_core.shell:Creating prefix script '/home/marina/Escritorio/var/VAR2026/install/local_setup.ps1'
[1.403s] INFO:colcon.colcon_core.shell:Creating prefix util module '/home/marina/Escritorio/var/VAR2026/install/_local_setup_util_ps1.py'
[1.404s] INFO:colcon.colcon_core.shell:Creating prefix chain script '/home/marina/Escritorio/var/VAR2026/install/setup.ps1'
[1.405s] INFO:colcon.colcon_core.shell:Creating prefix script '/home/marina/Escritorio/var/VAR2026/install/local_setup.sh'
[1.405s] INFO:colcon.colcon_core.shell:Creating prefix util module '/home/marina/Escritorio/var/VAR2026/install/_local_setup_util_sh.py'
[1.406s] INFO:colcon.colcon_core.shell:Creating prefix chain script '/home/marina/Escritorio/var/VAR2026/install/setup.sh'
[1.406s] INFO:colcon.colcon_core.shell:Creating prefix script '/home/marina/Escritorio/var/VAR2026/install/local_setup.bash'
[1.407s] INFO:colcon.colcon_core.shell:Creating prefix chain script '/home/marina/Escritorio/var/VAR2026/install/setup.bash'
[1.407s] INFO:colcon.colcon_core.shell:Creating prefix script '/home/marina/Escritorio/var/VAR2026/install/local_setup.zsh'
[1.408s] INFO:colcon.colcon_core.shell:Creating prefix chain script '/home/marina/Escritorio/var/VAR2026/install/setup.zsh'
