[100%] Built target robot_description_topic_publisher
[100%] Built target depth_camera_info_publisher
-- Install configuration: ""
-- Execute custom install script
-- Symlinking: /home/marina/Escritorio/var/VAR2026/install/turtlebot_gazebo_race/share/turtlebot_gazebo_race/launch/__pycache__/create_multi_robot_race.launch.cpython-312.pyc
-- Up-to-date symlink: /home/marina/Escritorio/var/VAR2026/install/turtlebot_gazebo_race/share/turtlebot_gazebo_race/launch/create_multi_robot_race.launch.py
-- Up-to-date symlink: /home/marina/Escritorio/var/VAR2026/install/turtlebot_gazebo_race/share/turtlebot_gazebo_race/worlds/race.sdf
-- Up-to-date symlink: /home/marina/Escritorio/var/VAR2026/install/turtlebot_gazebo_race/share/turtlebot_gazebo_race/models/turtlebot3_waffle_kinect/model.config
-- Up-to-date symlink: /home/marina/Escritorio/var/VAR2026/install/turtlebot_gazebo_race/share/turtlebot_gazebo_race/models/turtlebot3_waffle_kinect/model.sdf
-- Up-to-date symlink: /home/marina/Escritorio/var/VAR2026/install/turtlebot_gazebo_race/lib/turtlebot_gazebo_race/robot_description_topic_publisher
-- Up-to-date symlink: /home/marina/Escritorio/var/VAR2026/install/turtlebot_gazebo_race/lib/turtlebot_gazebo_race/depth_camera_info_publisher
-- Up-to-date symlink: /home/marina/Escritorio/var/VAR2026/install/turtlebot_gazebo_race/lib/turtlebot_gazebo_race/autonomous_driver.py
-- Up-to-date symlink: /home/marina/Escritorio/var/VAR2026/install/turtlebot_gazebo_race/lib/turtlebot_gazebo_race/safe_cmd_vel.py
-- Up-to-date symlink: /home/marina/Escritorio/var/VAR2026/install/turtlebot_gazebo_race/share/ament_index/resource_index/package_run_dependencies/turtlebot_gazebo_race
-- Up-to-date symlink: /home/marina/Escritorio/var/VAR2026/install/turtlebot_gazebo_race/share/ament_index/resource_index/parent_prefix_path/turtlebot_gazebo_race
-- Up-to-date symlink: /home/marina/Escritorio/var/VAR2026/install/turtlebot_gazebo_race/share/turtlebot_gazebo_race/environment/ament_prefix_path.sh
-- Up-to-date symlink: /home/marina/Escritorio/var/VAR2026/install/turtlebot_gazebo_race/share/turtlebot_gazebo_race/environment/ament_prefix_path.dsv
-- Up-to-date symlink: /home/marina/Escritorio/var/VAR2026/install/turtlebot_gazebo_race/share/turtlebot_gazebo_race/environment/path.sh
-- Up-to-date symlink: /home/marina/Escritorio/var/VAR2026/install/turtlebot_gazebo_race/share/turtlebot_gazebo_race/environment/path.dsv
-- Up-to-date symlink: /home/marina/Escritorio/var/VAR2026/install/turtlebot_gazebo_race/share/turtlebot_gazebo_race/local_setup.bash
-- Up-to-date symlink: /home/marina/Escritorio/var/VAR2026/install/turtlebot_gazebo_race/share/turtlebot_gazebo_race/local_setup.sh
-- Up-to-date symlink: /home/marina/Escritorio/var/VAR2026/install/turtlebot_gazebo_race/share/turtlebot_gazebo_race/local_setup.zsh
-- Up-to-date symlink: /home/marina/Escritorio/var/VAR2026/install/turtlebot_gazebo_race/share/turtlebot_gazebo_race/local_setup.dsv
-- Symlinking: /home/marina/Escritorio/var/VAR2026/install/turtlebot_gazebo_race/share/turtlebot_gazebo_race/package.dsv
-- Up-to-date symlink: /home/marina/Escritorio/var/VAR2026/install/turtlebot_gazebo_race/share/ament_index/resource_index/packages/turtlebot_gazebo_race
-- Up-to-date symlink: /home/marina/Escritorio/var/VAR2026/install/turtlebot_gazebo_race/share/turtlebot_gazebo_race/cmake/turtlebot_gazebo_raceConfig.cmake
-- Up-to-date symlink: /home/marina/Escritorio/var/VAR2026/install/turtlebot_gazebo_race/share/turtlebot_gazebo_race/cmake/turtlebot_gazebo_raceConfig-version.cmake
-- Up-to-date symlink: /home/marina/Escritorio/var/VAR2026/install/turtlebot_gazebo_race/share/turtlebot_gazebo_race/package.xml
