[1.868s] Invoking command in '/home/marina/Escritorio/var/VAR2026/build/nav_genetic': DEBUGINFOD_URLS=https://debuginfod.ubuntu.com PYTHONPATH=/home/marina/Escritorio/var/VAR2026/build/nav_genetic/prefix_override:/usr/lib/python3/dist-packages/colcon_core/task/python/colcon_distutils_commands:/home/marina/Escritorio/var/VAR2026/install/nav_genetic/lib/python3.12/site-packages: /usr/bin/python3 -W ignore:setup.py install is deprecated -W ignore:easy_install command is deprecated setup.py develop --editable --build-directory /home/marina/Escritorio/var/VAR2026/build/nav_genetic/build --no-deps symlink_data
[2.424s] running develop
[2.618s] running egg_info
[2.618s] creating nav_genetic.egg-info
[2.634s] writing nav_genetic.egg-info/PKG-INFO
[2.635s] writing dependency_links to nav_genetic.egg-info/dependency_links.txt
[2.636s] writing entry points to nav_genetic.egg-info/entry_points.txt
[2.636s] writing requirements to nav_genetic.egg-info/requires.txt
[2.636s] writing top-level names to nav_genetic.egg-info/top_level.txt
[2.636s] writing manifest file 'nav_genetic.egg-info/SOURCES.txt'
[2.672s] reading manifest file 'nav_genetic.egg-info/SOURCES.txt'
[2.673s] writing manifest file 'nav_genetic.egg-info/SOURCES.txt'
[2.695s] running build_ext
[2.695s] Creating /home/marina/Escritorio/var/VAR2026/install/nav_genetic/lib/python3.12/site-packages/nav-genetic.egg-link (link to .)
[2.696s] Installing ga_train script to /home/marina/Escritorio/var/VAR2026/install/nav_genetic/lib/nav_genetic
[2.697s] Installing run_best script to /home/marina/Escritorio/var/VAR2026/install/nav_genetic/lib/nav_genetic
[2.697s] Installing wall_follower script to /home/marina/Escritorio/var/VAR2026/install/nav_genetic/lib/nav_genetic
[2.697s] 
[2.698s] Installed /home/marina/Escritorio/var/VAR2026/build/nav_genetic
[2.698s] running symlink_data
[2.698s] creating /home/marina/Escritorio/var/VAR2026/install/nav_genetic/share/ament_index
[2.698s] creating /home/marina/Escritorio/var/VAR2026/install/nav_genetic/share/ament_index/resource_index
[2.699s] creating /home/marina/Escritorio/var/VAR2026/install/nav_genetic/share/ament_index/resource_index/packages
[2.699s] symbolically linking /home/marina/Escritorio/var/VAR2026/build/nav_genetic/resource/nav_genetic -> /home/marina/Escritorio/var/VAR2026/install/nav_genetic/share/ament_index/resource_index/packages
[2.699s] symbolically linking /home/marina/Escritorio/var/VAR2026/build/nav_genetic/package.xml -> /home/marina/Escritorio/var/VAR2026/install/nav_genetic/share/nav_genetic
[2.776s] Invoked command in '/home/marina/Escritorio/var/VAR2026/build/nav_genetic' returned '0': DEBUGINFOD_URLS=https://debuginfod.ubuntu.com PYTHONPATH=/home/marina/Escritorio/var/VAR2026/build/nav_genetic/prefix_override:/usr/lib/python3/dist-packages/colcon_core/task/python/colcon_distutils_commands:/home/marina/Escritorio/var/VAR2026/install/nav_genetic/lib/python3.12/site-packages: /usr/bin/python3 -W ignore:setup.py install is deprecated -W ignore:easy_install command is deprecated setup.py develop --editable --build-directory /home/marina/Escritorio/var/VAR2026/build/nav_genetic/build --no-deps symlink_data
