[0.368s] Invoking command in '/home/marina/Escritorio/var/VAR2026/build/turtlebot_gazebo_race': CMAKE_PREFIX_PATH=${CMAKE_PREFIX_PATH}:/opt/ros/jazzy DEBUGINFOD_URLS=https://debuginfod.ubuntu.com /usr/bin/cmake --build /home/marina/Escritorio/var/VAR2026/build/turtlebot_gazebo_race -- -j16 -l16
[0.472s] [ 50%] Built target robot_description_topic_publisher
[0.472s] [100%] Built target depth_camera_info_publisher
[0.490s] Invoked command in '/home/marina/Escritorio/var/VAR2026/build/turtlebot_gazebo_race' returned '0': CMAKE_PREFIX_PATH=${CMAKE_PREFIX_PATH}:/opt/ros/jazzy DEBUGINFOD_URLS=https://debuginfod.ubuntu.com /usr/bin/cmake --build /home/marina/Escritorio/var/VAR2026/build/turtlebot_gazebo_race -- -j16 -l16
[0.507s] Invoking command in '/home/marina/Escritorio/var/VAR2026/build/turtlebot_gazebo_race': CMAKE_PREFIX_PATH=${CMAKE_PREFIX_PATH}:/opt/ros/jazzy DEBUGINFOD_URLS=https://debuginfod.ubuntu.com /usr/bin/cmake --install /home/marina/Escritorio/var/VAR2026/build/turtlebot_gazebo_race
[0.525s] -- Install configuration: ""
[0.526s] -- Execute custom install script
[0.527s] -- Up-to-date symlink: /home/marina/Escritorio/var/VAR2026/install/turtlebot_gazebo_race/share/turtlebot_gazebo_race/launch/__pycache__/create_multi_robot_race.launch.cpython-312.pyc
[0.528s] -- Up-to-date symlink: /home/marina/Escritorio/var/VAR2026/install/turtlebot_gazebo_race/share/turtlebot_gazebo_race/launch/create_multi_robot_race.launch.py
[0.529s] -- Up-to-date symlink: /home/marina/Escritorio/var/VAR2026/install/turtlebot_gazebo_race/share/turtlebot_gazebo_race/worlds/race.sdf
[0.530s] -- Up-to-date symlink: /home/marina/Escritorio/var/VAR2026/install/turtlebot_gazebo_race/share/turtlebot_gazebo_race/models/turtlebot3_waffle_kinect/model.config
[0.530s] -- Up-to-date symlink: /home/marina/Escritorio/var/VAR2026/install/turtlebot_gazebo_race/share/turtlebot_gazebo_race/models/turtlebot3_waffle_kinect/model.sdf
[0.531s] -- Up-to-date symlink: /home/marina/Escritorio/var/VAR2026/install/turtlebot_gazebo_race/lib/turtlebot_gazebo_race/robot_description_topic_publisher
[0.531s] -- Up-to-date symlink: /home/marina/Escritorio/var/VAR2026/install/turtlebot_gazebo_race/lib/turtlebot_gazebo_race/depth_camera_info_publisher
[0.532s] -- Up-to-date symlink: /home/marina/Escritorio/var/VAR2026/install/turtlebot_gazebo_race/lib/turtlebot_gazebo_race/autonomous_driver.py
[0.532s] -- Up-to-date symlink: /home/marina/Escritorio/var/VAR2026/install/turtlebot_gazebo_race/lib/turtlebot_gazebo_race/safe_cmd_vel.py
[0.533s] -- Up-to-date symlink: /home/marina/Escritorio/var/VAR2026/install/turtlebot_gazebo_race/share/ament_index/resource_index/package_run_dependencies/turtlebot_gazebo_race
[0.533s] -- Up-to-date symlink: /home/marina/Escritorio/var/VAR2026/install/turtlebot_gazebo_race/share/ament_index/resource_index/parent_prefix_path/turtlebot_gazebo_race
[0.533s] -- Up-to-date symlink: /home/marina/Escritorio/var/VAR2026/install/turtlebot_gazebo_race/share/turtlebot_gazebo_race/environment/ament_prefix_path.sh
[0.534s] -- Up-to-date symlink: /home/marina/Escritorio/var/VAR2026/install/turtlebot_gazebo_race/share/turtlebot_gazebo_race/environment/ament_prefix_path.dsv
[0.534s] -- Up-to-date symlink: /home/marina/Escritorio/var/VAR2026/install/turtlebot_gazebo_race/share/turtlebot_gazebo_race/environment/path.sh
[0.534s] -- Up-to-date symlink: /home/marina/Escritorio/var/VAR2026/install/turtlebot_gazebo_race/share/turtlebot_gazebo_race/environment/path.dsv
[0.535s] -- Up-to-date symlink: /home/marina/Escritorio/var/VAR2026/install/turtlebot_gazebo_race/share/turtlebot_gazebo_race/local_setup.bash
[0.536s] -- Up-to-date symlink: /home/marina/Escritorio/var/VAR2026/install/turtlebot_gazebo_race/share/turtlebot_gazebo_race/local_setup.sh
[0.536s] -- Up-to-date symlink: /home/marina/Escritorio/var/VAR2026/install/turtlebot_gazebo_race/share/turtlebot_gazebo_race/local_setup.zsh
[0.537s] -- Up-to-date symlink: /home/marina/Escritorio/var/VAR2026/install/turtlebot_gazebo_race/share/turtlebot_gazebo_race/local_setup.dsv
[0.537s] -- Symlinking: /home/marina/Escritorio/var/VAR2026/install/turtlebot_gazebo_race/share/turtlebot_gazebo_race/package.dsv
[0.557s] -- Up-to-date symlink: /home/marina/Escritorio/var/VAR2026/install/turtlebot_gazebo_race/share/ament_index/resource_index/packages/turtlebot_gazebo_race
[0.557s] -- Up-to-date symlink: /home/marina/Escritorio/var/VAR2026/install/turtlebot_gazebo_race/share/turtlebot_gazebo_race/cmake/turtlebot_gazebo_raceConfig.cmake
[0.557s] -- Up-to-date symlink: /home/marina/Escritorio/var/VAR2026/install/turtlebot_gazebo_race/share/turtlebot_gazebo_race/cmake/turtlebot_gazebo_raceConfig-version.cmake
[0.558s] -- Up-to-date symlink: /home/marina/Escritorio/var/VAR2026/install/turtlebot_gazebo_race/share/turtlebot_gazebo_race/package.xml
[0.560s] Invoked command in '/home/marina/Escritorio/var/VAR2026/build/turtlebot_gazebo_race' returned '0': CMAKE_PREFIX_PATH=${CMAKE_PREFIX_PATH}:/opt/ros/jazzy DEBUGINFOD_URLS=https://debuginfod.ubuntu.com /usr/bin/cmake --install /home/marina/Escritorio/var/VAR2026/build/turtlebot_gazebo_race
